1652563860811	geckodriver	INFO	Listening on 127.0.0.1:50781
1652563860840	mozrunner::runner	INFO	Running command: "/usr/bin/firefox" "--marionette" "-headless" "--remote-debugging-port" "50782" "--remote-allow-hosts" "localhost" "-no-remote" "-profile" "/tmp/rust_mozprofilegOhkzK"
*** You are running in headless mode.
[GFX1-]: No GPUs detected via PCI
[GFX1-]: glxtest: process failed (received signal 11)
1652563861660	Marionette	INFO	Marionette enabled
[GFX1-]: RenderCompositorSWGL failed mapping default framebuffer, no dt
console.warn: SearchSettings: "get: No settings file exists, new profile?" (new NotFoundError("Could not open the file at /tmp/rust_mozprofilegOhkzK/search.json.mozlz4", (void 0)))
DevTools listening on ws://localhost:50782/devtools/browser/32eb7121-4886-44a1-89a4-44110f85df87
1652563863156	Marionette	INFO	Listening on port 50795
Read port: 50795
1652563863256	RemoteAgent	WARN	TLS certificate errors will be ignored for this session
JavaScript error: https://media.ethicalads.io/media/client/v1.4.0/ethicalads.min.js, line 1: Error: No ad placements found.
JavaScript error: resource:///actors/FormValidationChild.jsm, line 184: TypeError: this._element is null
1652563864250	Marionette	INFO	Stopped listening on port 50795
JavaScript error: resource://gre/modules/TerminatorTelemetry.jsm, line 71: AbortError: IOUtils: Shutting down and refusing additional I/O tasks
1652564179908	geckodriver	INFO	Listening on 127.0.0.1:50848
1652564179932	mozrunner::runner	INFO	Running command: "/usr/bin/firefox" "--marionette" "-headless" "--remote-debugging-port" "50849" "--remote-allow-hosts" "localhost" "-no-remote" "-profile" "/tmp/rust_mozprofileBCwHbM"
*** You are running in headless mode.
[GFX1-]: No GPUs detected via PCI
[GFX1-]: glxtest: process failed (received signal 11)
1652564180516	Marionette	INFO	Marionette enabled
[GFX1-]: RenderCompositorSWGL failed mapping default framebuffer, no dt
console.warn: SearchSettings: "get: No settings file exists, new profile?" (new NotFoundError("Could not open the file at /tmp/rust_mozprofileBCwHbM/search.json.mozlz4", (void 0)))
DevTools listening on ws://localhost:50849/devtools/browser/97da1f02-f3c2-499a-afc0-00db01da5e53
1652564181855	Marionette	INFO	Listening on port 50860
Read port: 50860
1652564181947	RemoteAgent	WARN	TLS certificate errors will be ignored for this session
1652564184527	Marionette	INFO	Stopped listening on port 50860

###!!! [Parent][PImageBridgeParent] Error: RunMessage(msgname=PImageBridge::Msg_WillClose) Channel closing: too late to send/recv, messages will be lost

1652564431647	geckodriver	INFO	Listening on 127.0.0.1:51058
1652564431660	mozrunner::runner	INFO	Running command: "/usr/bin/firefox" "--marionette" "-headless" "--remote-debugging-port" "51059" "--remote-allow-hosts" "localhost" "-no-remote" "-profile" "/tmp/rust_mozprofilemZqtkR"
*** You are running in headless mode.
[GFX1-]: No GPUs detected via PCI
[GFX1-]: glxtest: process failed (received signal 11)
1652564432244	Marionette	INFO	Marionette enabled
[GFX1-]: RenderCompositorSWGL failed mapping default framebuffer, no dt
console.warn: SearchSettings: "get: No settings file exists, new profile?" (new NotFoundError("Could not open the file at /tmp/rust_mozprofilemZqtkR/search.json.mozlz4", (void 0)))
DevTools listening on ws://localhost:51059/devtools/browser/a8afb8b3-c252-4f77-84a3-e69118f7e699
1652564433737	Marionette	INFO	Listening on port 51073
Read port: 51073
1652564433780	RemoteAgent	WARN	TLS certificate errors will be ignored for this session
1652564464697	geckodriver	INFO	Listening on 127.0.0.1:51150
1652564464710	mozrunner::runner	INFO	Running command: "/usr/bin/firefox" "--marionette" "-headless" "--remote-debugging-port" "51151" "--remote-allow-hosts" "localhost" "-no-remote" "-profile" "/tmp/rust_mozprofileKU2DDW"
*** You are running in headless mode.
[GFX1-]: No GPUs detected via PCI
[GFX1-]: glxtest: process failed (received signal 11)
1652564465293	Marionette	INFO	Marionette enabled
[GFX1-]: RenderCompositorSWGL failed mapping default framebuffer, no dt
console.warn: SearchSettings: "get: No settings file exists, new profile?" (new NotFoundError("Could not open the file at /tmp/rust_mozprofileKU2DDW/search.json.mozlz4", (void 0)))
DevTools listening on ws://localhost:51151/devtools/browser/36e97e3a-8510-43f8-bee8-8ff2608c61d5
1652564466585	Marionette	INFO	Listening on port 51165
Read port: 51165
1652564466624	RemoteAgent	WARN	TLS certificate errors will be ignored for this session
1652564556754	geckodriver	INFO	Listening on 127.0.0.1:51280
1652564556780	mozrunner::runner	INFO	Running command: "/usr/bin/firefox" "--marionette" "-headless" "--remote-debugging-port" "51281" "--remote-allow-hosts" "localhost" "-no-remote" "-profile" "/tmp/rust_mozprofileapO7gK"
*** You are running in headless mode.
[GFX1-]: No GPUs detected via PCI
[GFX1-]: glxtest: process failed (received signal 11)
1652564557382	Marionette	INFO	Marionette enabled
[GFX1-]: RenderCompositorSWGL failed mapping default framebuffer, no dt
console.warn: SearchSettings: "get: No settings file exists, new profile?" (new NotFoundError("Could not open the file at /tmp/rust_mozprofileapO7gK/search.json.mozlz4", (void 0)))
DevTools listening on ws://localhost:51281/devtools/browser/ef5e05d0-7537-41f5-879b-7eb5b3fc1370
1652564558986	Marionette	INFO	Listening on port 51296
Read port: 51296
1652564559103	RemoteAgent	WARN	TLS certificate errors will be ignored for this session
1652564665947	geckodriver	INFO	Listening on 127.0.0.1:51412
1652564665967	mozrunner::runner	INFO	Running command: "/usr/bin/firefox" "--marionette" "-headless" "--remote-debugging-port" "51413" "--remote-allow-hosts" "localhost" "-no-remote" "-profile" "/tmp/rust_mozprofileUfjBPC"
*** You are running in headless mode.
[GFX1-]: No GPUs detected via PCI
[GFX1-]: glxtest: process failed (received signal 11)
1652564666564	Marionette	INFO	Marionette enabled
[GFX1-]: RenderCompositorSWGL failed mapping default framebuffer, no dt
console.warn: SearchSettings: "get: No settings file exists, new profile?" (new NotFoundError("Could not open the file at /tmp/rust_mozprofileUfjBPC/search.json.mozlz4", (void 0)))
DevTools listening on ws://localhost:51413/devtools/browser/8a032850-74c1-4ebc-9ae9-62250afdcbcd
1652564668004	Marionette	INFO	Listening on port 51428
Read port: 51428
1652564668076	RemoteAgent	WARN	TLS certificate errors will be ignored for this session
1652564802854	geckodriver	INFO	Listening on 127.0.0.1:51571
1652564802901	mozrunner::runner	INFO	Running command: "/usr/bin/firefox" "--marionette" "-headless" "--remote-debugging-port" "51572" "--remote-allow-hosts" "localhost" "-no-remote" "-profile" "/tmp/rust_mozprofilex2cTum"
*** You are running in headless mode.
[GFX1-]: No GPUs detected via PCI
[GFX1-]: glxtest: process failed (received signal 11)
1652564803494	Marionette	INFO	Marionette enabled
[GFX1-]: RenderCompositorSWGL failed mapping default framebuffer, no dt
console.warn: SearchSettings: "get: No settings file exists, new profile?" (new NotFoundError("Could not open the file at /tmp/rust_mozprofilex2cTum/search.json.mozlz4", (void 0)))
DevTools listening on ws://localhost:51572/devtools/browser/0706e3ff-a9b9-42b0-a00e-841d86d3e21b
1652564805023	Marionette	INFO	Listening on port 51587
Read port: 51587
1652564805121	RemoteAgent	WARN	TLS certificate errors will be ignored for this session
1652564836127	geckodriver	INFO	Listening on 127.0.0.1:51665
1652564836159	mozrunner::runner	INFO	Running command: "/usr/bin/firefox" "--marionette" "-headless" "--remote-debugging-port" "51666" "--remote-allow-hosts" "localhost" "-no-remote" "-profile" "/tmp/rust_mozprofileSgsqJi"
*** You are running in headless mode.
[GFX1-]: No GPUs detected via PCI
[GFX1-]: glxtest: process failed (received signal 11)
1652564836759	Marionette	INFO	Marionette enabled
[GFX1-]: RenderCompositorSWGL failed mapping default framebuffer, no dt
console.warn: SearchSettings: "get: No settings file exists, new profile?" (new NotFoundError("Could not open the file at /tmp/rust_mozprofileSgsqJi/search.json.mozlz4", (void 0)))
DevTools listening on ws://localhost:51666/devtools/browser/91d281cb-8064-4812-a3b6-f97b11091d89
1652564838331	Marionette	INFO	Listening on port 51679
Read port: 51679
1652564838379	RemoteAgent	WARN	TLS certificate errors will be ignored for this session
console.warn: LoginRecipes: "getRecipes: falling back to a synchronous message for:" "https://www.noip.com"
console.warn: LoginRecipes: "getRecipes: falling back to a synchronous message for:" "https://www.noip.com"
JavaScript error: resource://gre/modules/LoginManagerParent.jsm, line 136: TypeError: gRecipeManager is null
console.warn: LoginRecipes: "getRecipes: falling back to a synchronous message for:" "https://www.noip.com"
JavaScript error: resource://gre/modules/LoginManagerParent.jsm, line 136: TypeError: gRecipeManager is null
console.warn: LoginRecipes: "getRecipes: falling back to a synchronous message for:" "https://www.noip.com"
JavaScript error: resource://gre/modules/LoginManagerParent.jsm, line 136: TypeError: gRecipeManager is null
JavaScript warning: https://d8jtxgaul97l0.cloudfront.net/build/assets/js/vendor.min-f71d7cdf52.js, line 10: WebGL warning: <Create>: WebglAllowWindowsNativeGl:false restricts context creation on this system.
JavaScript warning: https://d8jtxgaul97l0.cloudfront.net/build/assets/js/vendor.min-f71d7cdf52.js, line 10: Failed to create WebGL context: WebGL creation failed: 
* WebglAllowWindowsNativeGl:false restricts context creation on this system. ()
* Exhausted GL driver options. (FEATURE_FAILURE_WEBGL_EXHAUSTED_DRIVERS)
JavaScript warning: https://d8jtxgaul97l0.cloudfront.net/build/assets/js/vendor.min-f71d7cdf52.js, line 10: WebGL warning: <Create>: WebglAllowWindowsNativeGl:false restricts context creation on this system.
JavaScript warning: https://d8jtxgaul97l0.cloudfront.net/build/assets/js/vendor.min-f71d7cdf52.js, line 10: Failed to create WebGL context: WebGL creation failed: 
* WebglAllowWindowsNativeGl:false restricts context creation on this system. ()
* Exhausted GL driver options. (FEATURE_FAILURE_WEBGL_EXHAUSTED_DRIVERS)
1652564845484	Marionette	INFO	Stopped listening on port 51679
1652564901904	geckodriver	INFO	Listening on 127.0.0.1:51785
1652564901924	mozrunner::runner	INFO	Running command: "/usr/bin/firefox" "--marionette" "-headless" "--remote-debugging-port" "51786" "--remote-allow-hosts" "localhost" "-no-remote" "-profile" "/tmp/rust_mozprofileIyFBXr"
*** You are running in headless mode.
[GFX1-]: No GPUs detected via PCI
[GFX1-]: glxtest: process failed (received signal 11)
1652564902520	Marionette	INFO	Marionette enabled
[GFX1-]: RenderCompositorSWGL failed mapping default framebuffer, no dt
console.warn: SearchSettings: "get: No settings file exists, new profile?" (new NotFoundError("Could not open the file at /tmp/rust_mozprofileIyFBXr/search.json.mozlz4", (void 0)))
DevTools listening on ws://localhost:51786/devtools/browser/278968eb-b89d-440c-8da0-ad509220d3ea
1652564904018	Marionette	INFO	Listening on port 51800
Read port: 51800
1652564904049	RemoteAgent	WARN	TLS certificate errors will be ignored for this session
console.warn: LoginRecipes: "getRecipes: falling back to a synchronous message for:" "https://www.noip.com"
console.warn: LoginRecipes: "getRecipes: falling back to a synchronous message for:" "https://www.noip.com"
JavaScript error: resource://gre/modules/LoginManagerParent.jsm, line 136: TypeError: gRecipeManager is null
console.warn: LoginRecipes: "getRecipes: falling back to a synchronous message for:" "https://www.noip.com"
JavaScript error: resource://gre/modules/LoginManagerParent.jsm, line 136: TypeError: gRecipeManager is null
console.warn: LoginRecipes: "getRecipes: falling back to a synchronous message for:" "https://www.noip.com"
JavaScript error: resource://gre/modules/LoginManagerParent.jsm, line 136: TypeError: gRecipeManager is null
JavaScript warning: https://d8jtxgaul97l0.cloudfront.net/build/assets/js/vendor.min-f71d7cdf52.js, line 10: WebGL warning: <Create>: WebglAllowWindowsNativeGl:false restricts context creation on this system.
JavaScript warning: https://d8jtxgaul97l0.cloudfront.net/build/assets/js/vendor.min-f71d7cdf52.js, line 10: Failed to create WebGL context: WebGL creation failed: 
* WebglAllowWindowsNativeGl:false restricts context creation on this system. ()
* Exhausted GL driver options. (FEATURE_FAILURE_WEBGL_EXHAUSTED_DRIVERS)
JavaScript warning: https://d8jtxgaul97l0.cloudfront.net/build/assets/js/vendor.min-f71d7cdf52.js, line 10: WebGL warning: <Create>: WebglAllowWindowsNativeGl:false restricts context creation on this system.
JavaScript warning: https://d8jtxgaul97l0.cloudfront.net/build/assets/js/vendor.min-f71d7cdf52.js, line 10: Failed to create WebGL context: WebGL creation failed: 
* WebglAllowWindowsNativeGl:false restricts context creation on this system. ()
* Exhausted GL driver options. (FEATURE_FAILURE_WEBGL_EXHAUSTED_DRIVERS)
JavaScript warning: https://d8jtxgaul97l0.cloudfront.net/build/assets/js/vendor.min-f71d7cdf52.js, line 10: WebGL warning: <Create>: WebglAllowWindowsNativeGl:false restricts context creation on this system.
JavaScript warning: https://d8jtxgaul97l0.cloudfront.net/build/assets/js/vendor.min-f71d7cdf52.js, line 10: Failed to create WebGL context: WebGL creation failed: 
* WebglAllowWindowsNativeGl:false restricts context creation on this system. ()
* Exhausted GL driver options. (FEATURE_FAILURE_WEBGL_EXHAUSTED_DRIVERS)
JavaScript warning: https://d8jtxgaul97l0.cloudfront.net/build/assets/js/vendor.min-f71d7cdf52.js, line 10: WebGL warning: <Create>: WebglAllowWindowsNativeGl:false restricts context creation on this system.
JavaScript warning: https://d8jtxgaul97l0.cloudfront.net/build/assets/js/vendor.min-f71d7cdf52.js, line 10: Failed to create WebGL context: WebGL creation failed: 
* WebglAllowWindowsNativeGl:false restricts context creation on this system. ()
* Exhausted GL driver options. (FEATURE_FAILURE_WEBGL_EXHAUSTED_DRIVERS)
1652564913614	Marionette	INFO	Stopped listening on port 51800

###!!! [Parent][PImageBridgeParent] Error: RunMessage(msgname=PImageBridge::Msg_WillClose) Channel closing: too late to send/recv, messages will be lost

1652565039279	geckodriver	INFO	Listening on 127.0.0.1:51921
1652565039300	mozrunner::runner	INFO	Running command: "/usr/bin/firefox" "--marionette" "-headless" "--remote-debugging-port" "51922" "--remote-allow-hosts" "localhost" "-no-remote" "-profile" "/tmp/rust_mozprofileNVsAyy"
*** You are running in headless mode.
[GFX1-]: No GPUs detected via PCI
[GFX1-]: glxtest: process failed (received signal 11)
1652565039887	Marionette	INFO	Marionette enabled
[GFX1-]: RenderCompositorSWGL failed mapping default framebuffer, no dt
console.warn: SearchSettings: "get: No settings file exists, new profile?" (new NotFoundError("Could not open the file at /tmp/rust_mozprofileNVsAyy/search.json.mozlz4", (void 0)))
DevTools listening on ws://localhost:51922/devtools/browser/3ebce6ee-4bcf-4079-8ec7-bae2d477e4d9
1652565041174	Marionette	INFO	Listening on port 51937
Read port: 51937
1652565041204	RemoteAgent	WARN	TLS certificate errors will be ignored for this session
console.warn: LoginRecipes: "getRecipes: falling back to a synchronous message for:" "https://www.noip.com"
console.warn: LoginRecipes: "getRecipes: falling back to a synchronous message for:" "https://www.noip.com"
JavaScript error: resource://gre/modules/LoginManagerParent.jsm, line 136: TypeError: gRecipeManager is null
console.warn: LoginRecipes: "getRecipes: falling back to a synchronous message for:" "https://www.noip.com"
JavaScript error: resource://gre/modules/LoginManagerParent.jsm, line 136: TypeError: gRecipeManager is null
console.warn: LoginRecipes: "getRecipes: falling back to a synchronous message for:" "https://www.noip.com"
JavaScript error: resource://gre/modules/LoginManagerParent.jsm, line 136: TypeError: gRecipeManager is null
JavaScript warning: https://d8jtxgaul97l0.cloudfront.net/build/assets/js/vendor.min-f71d7cdf52.js, line 10: WebGL warning: <Create>: WebglAllowWindowsNativeGl:false restricts context creation on this system.
JavaScript warning: https://d8jtxgaul97l0.cloudfront.net/build/assets/js/vendor.min-f71d7cdf52.js, line 10: Failed to create WebGL context: WebGL creation failed: 
* WebglAllowWindowsNativeGl:false restricts context creation on this system. ()
* Exhausted GL driver options. (FEATURE_FAILURE_WEBGL_EXHAUSTED_DRIVERS)
JavaScript warning: https://d8jtxgaul97l0.cloudfront.net/build/assets/js/vendor.min-f71d7cdf52.js, line 10: WebGL warning: <Create>: WebglAllowWindowsNativeGl:false restricts context creation on this system.
JavaScript warning: https://d8jtxgaul97l0.cloudfront.net/build/assets/js/vendor.min-f71d7cdf52.js, line 10: Failed to create WebGL context: WebGL creation failed: 
* WebglAllowWindowsNativeGl:false restricts context creation on this system. ()
* Exhausted GL driver options. (FEATURE_FAILURE_WEBGL_EXHAUSTED_DRIVERS)
JavaScript warning: https://d8jtxgaul97l0.cloudfront.net/build/assets/js/vendor.min-f71d7cdf52.js, line 10: WebGL warning: <Create>: WebglAllowWindowsNativeGl:false restricts context creation on this system.
JavaScript warning: https://d8jtxgaul97l0.cloudfront.net/build/assets/js/vendor.min-f71d7cdf52.js, line 10: Failed to create WebGL context: WebGL creation failed: 
* WebglAllowWindowsNativeGl:false restricts context creation on this system. ()
* Exhausted GL driver options. (FEATURE_FAILURE_WEBGL_EXHAUSTED_DRIVERS)
JavaScript warning: https://d8jtxgaul97l0.cloudfront.net/build/assets/js/vendor.min-f71d7cdf52.js, line 10: WebGL warning: <Create>: WebglAllowWindowsNativeGl:false restricts context creation on this system.
JavaScript warning: https://d8jtxgaul97l0.cloudfront.net/build/assets/js/vendor.min-f71d7cdf52.js, line 10: Failed to create WebGL context: WebGL creation failed: 
* WebglAllowWindowsNativeGl:false restricts context creation on this system. ()
* Exhausted GL driver options. (FEATURE_FAILURE_WEBGL_EXHAUSTED_DRIVERS)
1652565080764	geckodriver	INFO	Listening on 127.0.0.1:52037
1652565080787	mozrunner::runner	INFO	Running command: "/usr/bin/firefox" "--marionette" "-headless" "--remote-debugging-port" "52038" "--remote-allow-hosts" "localhost" "-no-remote" "-profile" "/tmp/rust_mozprofilekhNUSd"
*** You are running in headless mode.
[GFX1-]: No GPUs detected via PCI
[GFX1-]: glxtest: process failed (received signal 11)
1652565081388	Marionette	INFO	Marionette enabled
[GFX1-]: RenderCompositorSWGL failed mapping default framebuffer, no dt
console.warn: SearchSettings: "get: No settings file exists, new profile?" (new NotFoundError("Could not open the file at /tmp/rust_mozprofilekhNUSd/search.json.mozlz4", (void 0)))
DevTools listening on ws://localhost:52038/devtools/browser/3e075bd0-e0fa-4d4e-a62e-982102364ecc
1652565083011	Marionette	INFO	Listening on port 52053
Read port: 52053
1652565083102	RemoteAgent	WARN	TLS certificate errors will be ignored for this session
console.warn: LoginRecipes: "getRecipes: falling back to a synchronous message for:" "https://www.noip.com"
console.warn: LoginRecipes: "getRecipes: falling back to a synchronous message for:" "https://www.noip.com"
JavaScript error: resource://gre/modules/LoginManagerParent.jsm, line 136: TypeError: gRecipeManager is null
console.warn: LoginRecipes: "getRecipes: falling back to a synchronous message for:" "https://www.noip.com"
JavaScript error: resource://gre/modules/LoginManagerParent.jsm, line 136: TypeError: gRecipeManager is null
console.warn: LoginRecipes: "getRecipes: falling back to a synchronous message for:" "https://www.noip.com"
JavaScript error: resource://gre/modules/LoginManagerParent.jsm, line 136: TypeError: gRecipeManager is null
JavaScript warning: https://d8jtxgaul97l0.cloudfront.net/build/assets/js/vendor.min-f71d7cdf52.js, line 10: WebGL warning: <Create>: WebglAllowWindowsNativeGl:false restricts context creation on this system.
JavaScript warning: https://d8jtxgaul97l0.cloudfront.net/build/assets/js/vendor.min-f71d7cdf52.js, line 10: Failed to create WebGL context: WebGL creation failed: 
* WebglAllowWindowsNativeGl:false restricts context creation on this system. ()
* Exhausted GL driver options. (FEATURE_FAILURE_WEBGL_EXHAUSTED_DRIVERS)
JavaScript warning: https://d8jtxgaul97l0.cloudfront.net/build/assets/js/vendor.min-f71d7cdf52.js, line 10: WebGL warning: <Create>: WebglAllowWindowsNativeGl:false restricts context creation on this system.
JavaScript warning: https://d8jtxgaul97l0.cloudfront.net/build/assets/js/vendor.min-f71d7cdf52.js, line 10: Failed to create WebGL context: WebGL creation failed: 
* WebglAllowWindowsNativeGl:false restricts context creation on this system. ()
* Exhausted GL driver options. (FEATURE_FAILURE_WEBGL_EXHAUSTED_DRIVERS)
JavaScript warning: https://d8jtxgaul97l0.cloudfront.net/build/assets/js/vendor.min-f71d7cdf52.js, line 10: WebGL warning: <Create>: WebglAllowWindowsNativeGl:false restricts context creation on this system.
JavaScript warning: https://d8jtxgaul97l0.cloudfront.net/build/assets/js/vendor.min-f71d7cdf52.js, line 10: Failed to create WebGL context: WebGL creation failed: 
* WebglAllowWindowsNativeGl:false restricts context creation on this system. ()
* Exhausted GL driver options. (FEATURE_FAILURE_WEBGL_EXHAUSTED_DRIVERS)
JavaScript warning: https://d8jtxgaul97l0.cloudfront.net/build/assets/js/vendor.min-f71d7cdf52.js, line 10: WebGL warning: <Create>: WebglAllowWindowsNativeGl:false restricts context creation on this system.
JavaScript warning: https://d8jtxgaul97l0.cloudfront.net/build/assets/js/vendor.min-f71d7cdf52.js, line 10: Failed to create WebGL context: WebGL creation failed: 
* WebglAllowWindowsNativeGl:false restricts context creation on this system. ()
* Exhausted GL driver options. (FEATURE_FAILURE_WEBGL_EXHAUSTED_DRIVERS)
1652565092602	Marionette	INFO	Stopped listening on port 52053

###!!! [Parent][PImageBridgeParent] Error: RunMessage(msgname=PImageBridge::Msg_WillClose) Channel closing: too late to send/recv, messages will be lost

1652565172802	geckodriver	INFO	Listening on 127.0.0.1:52172
1652565172814	mozrunner::runner	INFO	Running command: "/usr/bin/firefox" "--marionette" "-headless" "--remote-debugging-port" "52173" "--remote-allow-hosts" "localhost" "-no-remote" "-profile" "/tmp/rust_mozprofileRrnG9M"
*** You are running in headless mode.
[GFX1-]: No GPUs detected via PCI
[GFX1-]: glxtest: process failed (received signal 11)
1652565173401	Marionette	INFO	Marionette enabled
[GFX1-]: RenderCompositorSWGL failed mapping default framebuffer, no dt
console.warn: SearchSettings: "get: No settings file exists, new profile?" (new NotFoundError("Could not open the file at /tmp/rust_mozprofileRrnG9M/search.json.mozlz4", (void 0)))
DevTools listening on ws://localhost:52173/devtools/browser/1afed5bc-dc68-4fa7-843d-88de51244f13
1652565174914	Marionette	INFO	Listening on port 52188
Read port: 52188
1652565175024	RemoteAgent	WARN	TLS certificate errors will be ignored for this session
console.warn: LoginRecipes: "getRecipes: falling back to a synchronous message for:" "https://www.noip.com"
console.warn: LoginRecipes: "getRecipes: falling back to a synchronous message for:" "https://www.noip.com"
JavaScript error: resource://gre/modules/LoginManagerParent.jsm, line 136: TypeError: gRecipeManager is null
console.warn: LoginRecipes: "getRecipes: falling back to a synchronous message for:" "https://www.noip.com"
JavaScript error: resource://gre/modules/LoginManagerParent.jsm, line 136: TypeError: gRecipeManager is null
console.warn: LoginRecipes: "getRecipes: falling back to a synchronous message for:" "https://www.noip.com"
JavaScript error: resource://gre/modules/LoginManagerParent.jsm, line 136: TypeError: gRecipeManager is null
JavaScript warning: https://d8jtxgaul97l0.cloudfront.net/build/assets/js/vendor.min-f71d7cdf52.js, line 10: WebGL warning: <Create>: WebglAllowWindowsNativeGl:false restricts context creation on this system.
JavaScript warning: https://d8jtxgaul97l0.cloudfront.net/build/assets/js/vendor.min-f71d7cdf52.js, line 10: Failed to create WebGL context: WebGL creation failed: 
* WebglAllowWindowsNativeGl:false restricts context creation on this system. ()
* Exhausted GL driver options. (FEATURE_FAILURE_WEBGL_EXHAUSTED_DRIVERS)
JavaScript warning: https://d8jtxgaul97l0.cloudfront.net/build/assets/js/vendor.min-f71d7cdf52.js, line 10: WebGL warning: <Create>: WebglAllowWindowsNativeGl:false restricts context creation on this system.
JavaScript warning: https://d8jtxgaul97l0.cloudfront.net/build/assets/js/vendor.min-f71d7cdf52.js, line 10: Failed to create WebGL context: WebGL creation failed: 
* WebglAllowWindowsNativeGl:false restricts context creation on this system. ()
* Exhausted GL driver options. (FEATURE_FAILURE_WEBGL_EXHAUSTED_DRIVERS)
JavaScript warning: https://d8jtxgaul97l0.cloudfront.net/build/assets/js/vendor.min-f71d7cdf52.js, line 10: WebGL warning: <Create>: WebglAllowWindowsNativeGl:false restricts context creation on this system.
JavaScript warning: https://d8jtxgaul97l0.cloudfront.net/build/assets/js/vendor.min-f71d7cdf52.js, line 10: Failed to create WebGL context: WebGL creation failed: 
* WebglAllowWindowsNativeGl:false restricts context creation on this system. ()
* Exhausted GL driver options. (FEATURE_FAILURE_WEBGL_EXHAUSTED_DRIVERS)
JavaScript warning: https://d8jtxgaul97l0.cloudfront.net/build/assets/js/vendor.min-f71d7cdf52.js, line 10: WebGL warning: <Create>: WebglAllowWindowsNativeGl:false restricts context creation on this system.
JavaScript warning: https://d8jtxgaul97l0.cloudfront.net/build/assets/js/vendor.min-f71d7cdf52.js, line 10: Failed to create WebGL context: WebGL creation failed: 
* WebglAllowWindowsNativeGl:false restricts context creation on this system. ()
* Exhausted GL driver options. (FEATURE_FAILURE_WEBGL_EXHAUSTED_DRIVERS)
1652565185014	Marionette	INFO	Stopped listening on port 52188

###!!! [Parent][PImageBridgeParent] Error: RunMessage(msgname=PImageBridge::Msg_WillClose) Channel closing: too late to send/recv, messages will be lost

1652565330204	geckodriver	INFO	Listening on 127.0.0.1:52356
1652565330216	mozrunner::runner	INFO	Running command: "/usr/bin/firefox" "--marionette" "-headless" "--remote-debugging-port" "52357" "--remote-allow-hosts" "localhost" "-no-remote" "-profile" "/tmp/rust_mozprofilexXdecm"
*** You are running in headless mode.
[GFX1-]: No GPUs detected via PCI
[GFX1-]: glxtest: process failed (received signal 11)
1652565330806	Marionette	INFO	Marionette enabled
[GFX1-]: RenderCompositorSWGL failed mapping default framebuffer, no dt
console.warn: SearchSettings: "get: No settings file exists, new profile?" (new NotFoundError("Could not open the file at /tmp/rust_mozprofilexXdecm/search.json.mozlz4", (void 0)))
DevTools listening on ws://localhost:52357/devtools/browser/e3e9dc03-1087-43ad-a828-754b76de47db
1652565332052	Marionette	INFO	Listening on port 52369
Read port: 52369
1652565332131	RemoteAgent	WARN	TLS certificate errors will be ignored for this session
console.warn: LoginRecipes: "getRecipes: falling back to a synchronous message for:" "https://www.noip.com"
console.warn: LoginRecipes: "getRecipes: falling back to a synchronous message for:" "https://www.noip.com"
JavaScript error: resource://gre/modules/LoginManagerParent.jsm, line 136: TypeError: gRecipeManager is null
console.warn: LoginRecipes: "getRecipes: falling back to a synchronous message for:" "https://www.noip.com"
JavaScript error: resource://gre/modules/LoginManagerParent.jsm, line 136: TypeError: gRecipeManager is null
console.warn: LoginRecipes: "getRecipes: falling back to a synchronous message for:" "https://www.noip.com"
JavaScript error: resource://gre/modules/LoginManagerParent.jsm, line 136: TypeError: gRecipeManager is null
JavaScript warning: https://d8jtxgaul97l0.cloudfront.net/build/assets/js/vendor.min-f71d7cdf52.js, line 10: WebGL warning: <Create>: WebglAllowWindowsNativeGl:false restricts context creation on this system.
JavaScript warning: https://d8jtxgaul97l0.cloudfront.net/build/assets/js/vendor.min-f71d7cdf52.js, line 10: Failed to create WebGL context: WebGL creation failed: 
* WebglAllowWindowsNativeGl:false restricts context creation on this system. ()
* Exhausted GL driver options. (FEATURE_FAILURE_WEBGL_EXHAUSTED_DRIVERS)
JavaScript warning: https://d8jtxgaul97l0.cloudfront.net/build/assets/js/vendor.min-f71d7cdf52.js, line 10: WebGL warning: <Create>: WebglAllowWindowsNativeGl:false restricts context creation on this system.
JavaScript warning: https://d8jtxgaul97l0.cloudfront.net/build/assets/js/vendor.min-f71d7cdf52.js, line 10: Failed to create WebGL context: WebGL creation failed: 
* WebglAllowWindowsNativeGl:false restricts context creation on this system. ()
* Exhausted GL driver options. (FEATURE_FAILURE_WEBGL_EXHAUSTED_DRIVERS)
JavaScript warning: https://d8jtxgaul97l0.cloudfront.net/build/assets/js/vendor.min-f71d7cdf52.js, line 10: WebGL warning: <Create>: WebglAllowWindowsNativeGl:false restricts context creation on this system.
JavaScript warning: https://d8jtxgaul97l0.cloudfront.net/build/assets/js/vendor.min-f71d7cdf52.js, line 10: Failed to create WebGL context: WebGL creation failed: 
* WebglAllowWindowsNativeGl:false restricts context creation on this system. ()
* Exhausted GL driver options. (FEATURE_FAILURE_WEBGL_EXHAUSTED_DRIVERS)
JavaScript warning: https://d8jtxgaul97l0.cloudfront.net/build/assets/js/vendor.min-f71d7cdf52.js, line 10: WebGL warning: <Create>: WebglAllowWindowsNativeGl:false restricts context creation on this system.
JavaScript warning: https://d8jtxgaul97l0.cloudfront.net/build/assets/js/vendor.min-f71d7cdf52.js, line 10: Failed to create WebGL context: WebGL creation failed: 
* WebglAllowWindowsNativeGl:false restricts context creation on this system. ()
* Exhausted GL driver options. (FEATURE_FAILURE_WEBGL_EXHAUSTED_DRIVERS)
1652565342277	Marionette	INFO	Stopped listening on port 52369

###!!! [Parent][PImageBridgeParent] Error: RunMessage(msgname=PImageBridge::Msg_WillClose) Channel closing: too late to send/recv, messages will be lost

1652565468921	geckodriver	INFO	Listening on 127.0.0.1:52514
1652565468933	mozrunner::runner	INFO	Running command: "/usr/bin/firefox" "--marionette" "-headless" "--remote-debugging-port" "52515" "--remote-allow-hosts" "localhost" "-no-remote" "-profile" "/tmp/rust_mozprofileod6jdK"
*** You are running in headless mode.
[GFX1-]: No GPUs detected via PCI
[GFX1-]: glxtest: process failed (received signal 11)
1652565469525	Marionette	INFO	Marionette enabled
[GFX1-]: RenderCompositorSWGL failed mapping default framebuffer, no dt
console.warn: SearchSettings: "get: No settings file exists, new profile?" (new NotFoundError("Could not open the file at /tmp/rust_mozprofileod6jdK/search.json.mozlz4", (void 0)))
DevTools listening on ws://localhost:52515/devtools/browser/307b7412-ce21-407d-940b-7e0a259d113a
1652565471028	Marionette	INFO	Listening on port 52529
Read port: 52529
1652565471140	RemoteAgent	WARN	TLS certificate errors will be ignored for this session
console.warn: LoginRecipes: "getRecipes: falling back to a synchronous message for:" "https://www.noip.com"
console.warn: LoginRecipes: "getRecipes: falling back to a synchronous message for:" "https://www.noip.com"
JavaScript error: resource://gre/modules/LoginManagerParent.jsm, line 136: TypeError: gRecipeManager is null
console.warn: LoginRecipes: "getRecipes: falling back to a synchronous message for:" "https://www.noip.com"
JavaScript error: resource://gre/modules/LoginManagerParent.jsm, line 136: TypeError: gRecipeManager is null
console.warn: LoginRecipes: "getRecipes: falling back to a synchronous message for:" "https://www.noip.com"
JavaScript error: resource://gre/modules/LoginManagerParent.jsm, line 136: TypeError: gRecipeManager is null
JavaScript warning: https://d8jtxgaul97l0.cloudfront.net/build/assets/js/vendor.min-f71d7cdf52.js, line 10: WebGL warning: <Create>: WebglAllowWindowsNativeGl:false restricts context creation on this system.
JavaScript warning: https://d8jtxgaul97l0.cloudfront.net/build/assets/js/vendor.min-f71d7cdf52.js, line 10: Failed to create WebGL context: WebGL creation failed: 
* WebglAllowWindowsNativeGl:false restricts context creation on this system. ()
* Exhausted GL driver options. (FEATURE_FAILURE_WEBGL_EXHAUSTED_DRIVERS)
JavaScript warning: https://d8jtxgaul97l0.cloudfront.net/build/assets/js/vendor.min-f71d7cdf52.js, line 10: WebGL warning: <Create>: WebglAllowWindowsNativeGl:false restricts context creation on this system.
JavaScript warning: https://d8jtxgaul97l0.cloudfront.net/build/assets/js/vendor.min-f71d7cdf52.js, line 10: Failed to create WebGL context: WebGL creation failed: 
* WebglAllowWindowsNativeGl:false restricts context creation on this system. ()
* Exhausted GL driver options. (FEATURE_FAILURE_WEBGL_EXHAUSTED_DRIVERS)
JavaScript warning: https://d8jtxgaul97l0.cloudfront.net/build/assets/js/vendor.min-f71d7cdf52.js, line 10: WebGL warning: <Create>: WebglAllowWindowsNativeGl:false restricts context creation on this system.
JavaScript warning: https://d8jtxgaul97l0.cloudfront.net/build/assets/js/vendor.min-f71d7cdf52.js, line 10: Failed to create WebGL context: WebGL creation failed: 
* WebglAllowWindowsNativeGl:false restricts context creation on this system. ()
* Exhausted GL driver options. (FEATURE_FAILURE_WEBGL_EXHAUSTED_DRIVERS)
JavaScript warning: https://d8jtxgaul97l0.cloudfront.net/build/assets/js/vendor.min-f71d7cdf52.js, line 10: WebGL warning: <Create>: WebglAllowWindowsNativeGl:false restricts context creation on this system.
JavaScript warning: https://d8jtxgaul97l0.cloudfront.net/build/assets/js/vendor.min-f71d7cdf52.js, line 10: Failed to create WebGL context: WebGL creation failed: 
* WebglAllowWindowsNativeGl:false restricts context creation on this system. ()
* Exhausted GL driver options. (FEATURE_FAILURE_WEBGL_EXHAUSTED_DRIVERS)
1652565481095	Marionette	INFO	Stopped listening on port 52529

###!!! [Parent][PImageBridgeParent] Error: RunMessage(msgname=PImageBridge::Msg_WillClose) Channel closing: too late to send/recv, messages will be lost

1652565653655	geckodriver	INFO	Listening on 127.0.0.1:52687
1652565653686	mozrunner::runner	INFO	Running command: "/usr/bin/firefox" "--marionette" "-headless" "--remote-debugging-port" "52688" "--remote-allow-hosts" "localhost" "-no-remote" "-profile" "/tmp/rust_mozprofileL22OMq"
*** You are running in headless mode.
[GFX1-]: No GPUs detected via PCI
[GFX1-]: glxtest: process failed (received signal 11)
1652565654293	Marionette	INFO	Marionette enabled
[GFX1-]: RenderCompositorSWGL failed mapping default framebuffer, no dt
console.warn: SearchSettings: "get: No settings file exists, new profile?" (new NotFoundError("Could not open the file at /tmp/rust_mozprofileL22OMq/search.json.mozlz4", (void 0)))
DevTools listening on ws://localhost:52688/devtools/browser/248071ab-5b00-46b1-a987-b9e62223129a
1652565655877	Marionette	INFO	Listening on port 52702
Read port: 52702
1652565655908	RemoteAgent	WARN	TLS certificate errors will be ignored for this session
console.warn: LoginRecipes: "getRecipes: falling back to a synchronous message for:" "https://www.noip.com"
console.warn: LoginRecipes: "getRecipes: falling back to a synchronous message for:" "https://www.noip.com"
JavaScript error: resource://gre/modules/LoginManagerParent.jsm, line 136: TypeError: gRecipeManager is null
console.warn: LoginRecipes: "getRecipes: falling back to a synchronous message for:" "https://www.noip.com"
JavaScript error: resource://gre/modules/LoginManagerParent.jsm, line 136: TypeError: gRecipeManager is null
console.warn: LoginRecipes: "getRecipes: falling back to a synchronous message for:" "https://www.noip.com"
JavaScript error: resource://gre/modules/LoginManagerParent.jsm, line 136: TypeError: gRecipeManager is null
JavaScript warning: https://d8jtxgaul97l0.cloudfront.net/build/assets/js/vendor.min-f71d7cdf52.js, line 10: WebGL warning: <Create>: WebglAllowWindowsNativeGl:false restricts context creation on this system.
JavaScript warning: https://d8jtxgaul97l0.cloudfront.net/build/assets/js/vendor.min-f71d7cdf52.js, line 10: Failed to create WebGL context: WebGL creation failed: 
* WebglAllowWindowsNativeGl:false restricts context creation on this system. ()
* Exhausted GL driver options. (FEATURE_FAILURE_WEBGL_EXHAUSTED_DRIVERS)
JavaScript warning: https://d8jtxgaul97l0.cloudfront.net/build/assets/js/vendor.min-f71d7cdf52.js, line 10: WebGL warning: <Create>: WebglAllowWindowsNativeGl:false restricts context creation on this system.
JavaScript warning: https://d8jtxgaul97l0.cloudfront.net/build/assets/js/vendor.min-f71d7cdf52.js, line 10: Failed to create WebGL context: WebGL creation failed: 
* WebglAllowWindowsNativeGl:false restricts context creation on this system. ()
* Exhausted GL driver options. (FEATURE_FAILURE_WEBGL_EXHAUSTED_DRIVERS)
JavaScript warning: https://d8jtxgaul97l0.cloudfront.net/build/assets/js/vendor.min-f71d7cdf52.js, line 10: WebGL warning: <Create>: WebglAllowWindowsNativeGl:false restricts context creation on this system.
JavaScript warning: https://d8jtxgaul97l0.cloudfront.net/build/assets/js/vendor.min-f71d7cdf52.js, line 10: Failed to create WebGL context: WebGL creation failed: 
* WebglAllowWindowsNativeGl:false restricts context creation on this system. ()
* Exhausted GL driver options. (FEATURE_FAILURE_WEBGL_EXHAUSTED_DRIVERS)
JavaScript warning: https://d8jtxgaul97l0.cloudfront.net/build/assets/js/vendor.min-f71d7cdf52.js, line 10: WebGL warning: <Create>: WebglAllowWindowsNativeGl:false restricts context creation on this system.
JavaScript warning: https://d8jtxgaul97l0.cloudfront.net/build/assets/js/vendor.min-f71d7cdf52.js, line 10: Failed to create WebGL context: WebGL creation failed: 
* WebglAllowWindowsNativeGl:false restricts context creation on this system. ()
* Exhausted GL driver options. (FEATURE_FAILURE_WEBGL_EXHAUSTED_DRIVERS)
1652565665647	Marionette	INFO	Stopped listening on port 52702
1652565795791	geckodriver	INFO	Listening on 127.0.0.1:52835
1652565795812	mozrunner::runner	INFO	Running command: "/usr/bin/firefox" "--marionette" "-headless" "--remote-debugging-port" "52836" "--remote-allow-hosts" "localhost" "-no-remote" "-profile" "/tmp/rust_mozprofile1Dx2nh"
*** You are running in headless mode.
[GFX1-]: No GPUs detected via PCI
[GFX1-]: glxtest: process failed (received signal 11)
1652565796414	Marionette	INFO	Marionette enabled
[GFX1-]: RenderCompositorSWGL failed mapping default framebuffer, no dt
console.warn: SearchSettings: "get: No settings file exists, new profile?" (new NotFoundError("Could not open the file at /tmp/rust_mozprofile1Dx2nh/search.json.mozlz4", (void 0)))
DevTools listening on ws://localhost:52836/devtools/browser/bfc45dac-77c0-4a1b-8807-be51a6ddc4b9
1652565797986	Marionette	INFO	Listening on port 52850
Read port: 52850
1652565798035	RemoteAgent	WARN	TLS certificate errors will be ignored for this session
console.warn: LoginRecipes: "getRecipes: falling back to a synchronous message for:" "https://www.noip.com"
console.warn: LoginRecipes: "getRecipes: falling back to a synchronous message for:" "https://www.noip.com"
JavaScript error: resource://gre/modules/LoginManagerParent.jsm, line 136: TypeError: gRecipeManager is null
console.warn: LoginRecipes: "getRecipes: falling back to a synchronous message for:" "https://www.noip.com"
JavaScript error: resource://gre/modules/LoginManagerParent.jsm, line 136: TypeError: gRecipeManager is null
console.warn: LoginRecipes: "getRecipes: falling back to a synchronous message for:" "https://www.noip.com"
JavaScript error: resource://gre/modules/LoginManagerParent.jsm, line 136: TypeError: gRecipeManager is null
JavaScript warning: https://d8jtxgaul97l0.cloudfront.net/build/assets/js/vendor.min-f71d7cdf52.js, line 10: WebGL warning: <Create>: WebglAllowWindowsNativeGl:false restricts context creation on this system.
JavaScript warning: https://d8jtxgaul97l0.cloudfront.net/build/assets/js/vendor.min-f71d7cdf52.js, line 10: Failed to create WebGL context: WebGL creation failed: 
* WebglAllowWindowsNativeGl:false restricts context creation on this system. ()
* Exhausted GL driver options. (FEATURE_FAILURE_WEBGL_EXHAUSTED_DRIVERS)
JavaScript warning: https://d8jtxgaul97l0.cloudfront.net/build/assets/js/vendor.min-f71d7cdf52.js, line 10: WebGL warning: <Create>: WebglAllowWindowsNativeGl:false restricts context creation on this system.
JavaScript warning: https://d8jtxgaul97l0.cloudfront.net/build/assets/js/vendor.min-f71d7cdf52.js, line 10: Failed to create WebGL context: WebGL creation failed: 
* WebglAllowWindowsNativeGl:false restricts context creation on this system. ()
* Exhausted GL driver options. (FEATURE_FAILURE_WEBGL_EXHAUSTED_DRIVERS)
JavaScript warning: https://d8jtxgaul97l0.cloudfront.net/build/assets/js/vendor.min-f71d7cdf52.js, line 10: WebGL warning: <Create>: WebglAllowWindowsNativeGl:false restricts context creation on this system.
JavaScript warning: https://d8jtxgaul97l0.cloudfront.net/build/assets/js/vendor.min-f71d7cdf52.js, line 10: Failed to create WebGL context: WebGL creation failed: 
* WebglAllowWindowsNativeGl:false restricts context creation on this system. ()
* Exhausted GL driver options. (FEATURE_FAILURE_WEBGL_EXHAUSTED_DRIVERS)
JavaScript warning: https://d8jtxgaul97l0.cloudfront.net/build/assets/js/vendor.min-f71d7cdf52.js, line 10: WebGL warning: <Create>: WebglAllowWindowsNativeGl:false restricts context creation on this system.
JavaScript warning: https://d8jtxgaul97l0.cloudfront.net/build/assets/js/vendor.min-f71d7cdf52.js, line 10: Failed to create WebGL context: WebGL creation failed: 
* WebglAllowWindowsNativeGl:false restricts context creation on this system. ()
* Exhausted GL driver options. (FEATURE_FAILURE_WEBGL_EXHAUSTED_DRIVERS)
1652568885042	geckodriver	INFO	Listening on 127.0.0.1:53285
1652568885067	mozrunner::runner	INFO	Running command: "/usr/bin/firefox" "--marionette" "-headless" "--remote-debugging-port" "53286" "--remote-allow-hosts" "localhost" "-no-remote" "-profile" "/tmp/rust_mozprofilex0vT1Y"
*** You are running in headless mode.
[GFX1-]: No GPUs detected via PCI
[GFX1-]: glxtest: process failed (received signal 11)
1652568885704	Marionette	INFO	Marionette enabled
[GFX1-]: RenderCompositorSWGL failed mapping default framebuffer, no dt
console.warn: SearchSettings: "get: No settings file exists, new profile?" (new NotFoundError("Could not open the file at /tmp/rust_mozprofilex0vT1Y/search.json.mozlz4", (void 0)))
DevTools listening on ws://localhost:53286/devtools/browser/82df1868-31dc-463d-a823-90ed280b2016
1652568887387	Marionette	INFO	Listening on port 53300
Read port: 53300
1652568887496	RemoteAgent	WARN	TLS certificate errors will be ignored for this session
console.warn: LoginRecipes: "getRecipes: falling back to a synchronous message for:" "https://www.noip.com"
console.warn: LoginRecipes: "getRecipes: falling back to a synchronous message for:" "https://www.noip.com"
JavaScript error: resource://gre/modules/LoginManagerParent.jsm, line 136: TypeError: gRecipeManager is null
console.warn: LoginRecipes: "getRecipes: falling back to a synchronous message for:" "https://www.noip.com"
JavaScript error: resource://gre/modules/LoginManagerParent.jsm, line 136: TypeError: gRecipeManager is null
console.warn: LoginRecipes: "getRecipes: falling back to a synchronous message for:" "https://www.noip.com"
JavaScript error: resource://gre/modules/LoginManagerParent.jsm, line 136: TypeError: gRecipeManager is null
JavaScript warning: https://d8jtxgaul97l0.cloudfront.net/build/assets/js/vendor.min-f71d7cdf52.js, line 10: WebGL warning: <Create>: WebglAllowWindowsNativeGl:false restricts context creation on this system.
JavaScript warning: https://d8jtxgaul97l0.cloudfront.net/build/assets/js/vendor.min-f71d7cdf52.js, line 10: Failed to create WebGL context: WebGL creation failed: 
* WebglAllowWindowsNativeGl:false restricts context creation on this system. ()
* Exhausted GL driver options. (FEATURE_FAILURE_WEBGL_EXHAUSTED_DRIVERS)
JavaScript warning: https://d8jtxgaul97l0.cloudfront.net/build/assets/js/vendor.min-f71d7cdf52.js, line 10: WebGL warning: <Create>: WebglAllowWindowsNativeGl:false restricts context creation on this system.
JavaScript warning: https://d8jtxgaul97l0.cloudfront.net/build/assets/js/vendor.min-f71d7cdf52.js, line 10: Failed to create WebGL context: WebGL creation failed: 
* WebglAllowWindowsNativeGl:false restricts context creation on this system. ()
* Exhausted GL driver options. (FEATURE_FAILURE_WEBGL_EXHAUSTED_DRIVERS)
JavaScript warning: https://d8jtxgaul97l0.cloudfront.net/build/assets/js/vendor.min-f71d7cdf52.js, line 10: WebGL warning: <Create>: WebglAllowWindowsNativeGl:false restricts context creation on this system.
JavaScript warning: https://d8jtxgaul97l0.cloudfront.net/build/assets/js/vendor.min-f71d7cdf52.js, line 10: Failed to create WebGL context: WebGL creation failed: 
* WebglAllowWindowsNativeGl:false restricts context creation on this system. ()
* Exhausted GL driver options. (FEATURE_FAILURE_WEBGL_EXHAUSTED_DRIVERS)
JavaScript warning: https://d8jtxgaul97l0.cloudfront.net/build/assets/js/vendor.min-f71d7cdf52.js, line 10: WebGL warning: <Create>: WebglAllowWindowsNativeGl:false restricts context creation on this system.
JavaScript warning: https://d8jtxgaul97l0.cloudfront.net/build/assets/js/vendor.min-f71d7cdf52.js, line 10: Failed to create WebGL context: WebGL creation failed: 
* WebglAllowWindowsNativeGl:false restricts context creation on this system. ()
* Exhausted GL driver options. (FEATURE_FAILURE_WEBGL_EXHAUSTED_DRIVERS)
1652569173083	geckodriver	INFO	Listening on 127.0.0.1:53417
1652569173111	mozrunner::runner	INFO	Running command: "/usr/bin/firefox" "--marionette" "-headless" "--remote-debugging-port" "53418" "--remote-allow-hosts" "localhost" "-no-remote" "-profile" "/tmp/rust_mozprofileLGAA4A"
*** You are running in headless mode.
[GFX1-]: No GPUs detected via PCI
[GFX1-]: glxtest: process failed (received signal 11)
1652569173765	Marionette	INFO	Marionette enabled
[GFX1-]: RenderCompositorSWGL failed mapping default framebuffer, no dt
console.warn: SearchSettings: "get: No settings file exists, new profile?" (new NotFoundError("Could not open the file at /tmp/rust_mozprofileLGAA4A/search.json.mozlz4", (void 0)))
DevTools listening on ws://localhost:53418/devtools/browser/fc2ef207-c54f-4d48-94aa-873610d17064
1652569175553	Marionette	INFO	Listening on port 53433
Read port: 53433
1652569175648	RemoteAgent	WARN	TLS certificate errors will be ignored for this session
console.warn: LoginRecipes: "getRecipes: falling back to a synchronous message for:" "https://www.noip.com"
console.warn: LoginRecipes: "getRecipes: falling back to a synchronous message for:" "https://www.noip.com"
JavaScript error: resource://gre/modules/LoginManagerParent.jsm, line 136: TypeError: gRecipeManager is null
console.warn: LoginRecipes: "getRecipes: falling back to a synchronous message for:" "https://www.noip.com"
JavaScript error: resource://gre/modules/LoginManagerParent.jsm, line 136: TypeError: gRecipeManager is null
console.warn: LoginRecipes: "getRecipes: falling back to a synchronous message for:" "https://www.noip.com"
JavaScript error: resource://gre/modules/LoginManagerParent.jsm, line 136: TypeError: gRecipeManager is null
JavaScript warning: https://d8jtxgaul97l0.cloudfront.net/build/assets/js/vendor.min-f71d7cdf52.js, line 10: WebGL warning: <Create>: WebglAllowWindowsNativeGl:false restricts context creation on this system.
JavaScript warning: https://d8jtxgaul97l0.cloudfront.net/build/assets/js/vendor.min-f71d7cdf52.js, line 10: Failed to create WebGL context: WebGL creation failed: 
* WebglAllowWindowsNativeGl:false restricts context creation on this system. ()
* Exhausted GL driver options. (FEATURE_FAILURE_WEBGL_EXHAUSTED_DRIVERS)
JavaScript warning: https://d8jtxgaul97l0.cloudfront.net/build/assets/js/vendor.min-f71d7cdf52.js, line 10: WebGL warning: <Create>: WebglAllowWindowsNativeGl:false restricts context creation on this system.
JavaScript warning: https://d8jtxgaul97l0.cloudfront.net/build/assets/js/vendor.min-f71d7cdf52.js, line 10: Failed to create WebGL context: WebGL creation failed: 
* WebglAllowWindowsNativeGl:false restricts context creation on this system. ()
* Exhausted GL driver options. (FEATURE_FAILURE_WEBGL_EXHAUSTED_DRIVERS)
JavaScript warning: https://d8jtxgaul97l0.cloudfront.net/build/assets/js/vendor.min-f71d7cdf52.js, line 10: WebGL warning: <Create>: WebglAllowWindowsNativeGl:false restricts context creation on this system.
JavaScript warning: https://d8jtxgaul97l0.cloudfront.net/build/assets/js/vendor.min-f71d7cdf52.js, line 10: Failed to create WebGL context: WebGL creation failed: 
* WebglAllowWindowsNativeGl:false restricts context creation on this system. ()
* Exhausted GL driver options. (FEATURE_FAILURE_WEBGL_EXHAUSTED_DRIVERS)
JavaScript warning: https://d8jtxgaul97l0.cloudfront.net/build/assets/js/vendor.min-f71d7cdf52.js, line 10: WebGL warning: <Create>: WebglAllowWindowsNativeGl:false restricts context creation on this system.
JavaScript warning: https://d8jtxgaul97l0.cloudfront.net/build/assets/js/vendor.min-f71d7cdf52.js, line 10: Failed to create WebGL context: WebGL creation failed: 
* WebglAllowWindowsNativeGl:false restricts context creation on this system. ()
* Exhausted GL driver options. (FEATURE_FAILURE_WEBGL_EXHAUSTED_DRIVERS)
1652569216283	geckodriver	INFO	Listening on 127.0.0.1:53505
1652569216312	mozrunner::runner	INFO	Running command: "/usr/bin/firefox" "--marionette" "-headless" "--remote-debugging-port" "53506" "--remote-allow-hosts" "localhost" "-no-remote" "-profile" "/tmp/rust_mozprofilekdVILu"
*** You are running in headless mode.
[GFX1-]: No GPUs detected via PCI
[GFX1-]: glxtest: process failed (received signal 11)
1652569216961	Marionette	INFO	Marionette enabled
[GFX1-]: RenderCompositorSWGL failed mapping default framebuffer, no dt
console.warn: SearchSettings: "get: No settings file exists, new profile?" (new NotFoundError("Could not open the file at /tmp/rust_mozprofilekdVILu/search.json.mozlz4", (void 0)))
DevTools listening on ws://localhost:53506/devtools/browser/ce9cce4c-edc7-4560-917e-8c504859262e
1652569218766	Marionette	INFO	Listening on port 53520
Read port: 53520
1652569218846	RemoteAgent	WARN	TLS certificate errors will be ignored for this session
console.warn: LoginRecipes: "getRecipes: falling back to a synchronous message for:" "https://www.noip.com"
console.warn: LoginRecipes: "getRecipes: falling back to a synchronous message for:" "https://www.noip.com"
JavaScript error: resource://gre/modules/LoginManagerParent.jsm, line 136: TypeError: gRecipeManager is null
console.warn: LoginRecipes: "getRecipes: falling back to a synchronous message for:" "https://www.noip.com"
JavaScript error: resource://gre/modules/LoginManagerParent.jsm, line 136: TypeError: gRecipeManager is null
console.warn: LoginRecipes: "getRecipes: falling back to a synchronous message for:" "https://www.noip.com"
JavaScript error: resource://gre/modules/LoginManagerParent.jsm, line 136: TypeError: gRecipeManager is null
JavaScript warning: https://d8jtxgaul97l0.cloudfront.net/build/assets/js/vendor.min-f71d7cdf52.js, line 10: WebGL warning: <Create>: WebglAllowWindowsNativeGl:false restricts context creation on this system.
JavaScript warning: https://d8jtxgaul97l0.cloudfront.net/build/assets/js/vendor.min-f71d7cdf52.js, line 10: Failed to create WebGL context: WebGL creation failed: 
* WebglAllowWindowsNativeGl:false restricts context creation on this system. ()
* Exhausted GL driver options. (FEATURE_FAILURE_WEBGL_EXHAUSTED_DRIVERS)
JavaScript warning: https://d8jtxgaul97l0.cloudfront.net/build/assets/js/vendor.min-f71d7cdf52.js, line 10: WebGL warning: <Create>: WebglAllowWindowsNativeGl:false restricts context creation on this system.
JavaScript warning: https://d8jtxgaul97l0.cloudfront.net/build/assets/js/vendor.min-f71d7cdf52.js, line 10: Failed to create WebGL context: WebGL creation failed: 
* WebglAllowWindowsNativeGl:false restricts context creation on this system. ()
* Exhausted GL driver options. (FEATURE_FAILURE_WEBGL_EXHAUSTED_DRIVERS)
JavaScript warning: https://d8jtxgaul97l0.cloudfront.net/build/assets/js/vendor.min-f71d7cdf52.js, line 10: WebGL warning: <Create>: WebglAllowWindowsNativeGl:false restricts context creation on this system.
JavaScript warning: https://d8jtxgaul97l0.cloudfront.net/build/assets/js/vendor.min-f71d7cdf52.js, line 10: Failed to create WebGL context: WebGL creation failed: 
* WebglAllowWindowsNativeGl:false restricts context creation on this system. ()
* Exhausted GL driver options. (FEATURE_FAILURE_WEBGL_EXHAUSTED_DRIVERS)
JavaScript warning: https://d8jtxgaul97l0.cloudfront.net/build/assets/js/vendor.min-f71d7cdf52.js, line 10: WebGL warning: <Create>: WebglAllowWindowsNativeGl:false restricts context creation on this system.
JavaScript warning: https://d8jtxgaul97l0.cloudfront.net/build/assets/js/vendor.min-f71d7cdf52.js, line 10: Failed to create WebGL context: WebGL creation failed: 
* WebglAllowWindowsNativeGl:false restricts context creation on this system. ()
* Exhausted GL driver options. (FEATURE_FAILURE_WEBGL_EXHAUSTED_DRIVERS)
1652569572366	geckodriver	INFO	Listening on 127.0.0.1:53675
1652569572404	mozrunner::runner	INFO	Running command: "/usr/bin/firefox" "--marionette" "-headless" "--remote-debugging-port" "53676" "--remote-allow-hosts" "localhost" "-no-remote" "-profile" "/tmp/rust_mozprofilefc8QcI"
*** You are running in headless mode.
[GFX1-]: No GPUs detected via PCI
[GFX1-]: glxtest: process failed (received signal 11)
1652569573154	Marionette	INFO	Marionette enabled
[GFX1-]: RenderCompositorSWGL failed mapping default framebuffer, no dt
console.warn: SearchSettings: "get: No settings file exists, new profile?" (new NotFoundError("Could not open the file at /tmp/rust_mozprofilefc8QcI/search.json.mozlz4", (void 0)))
DevTools listening on ws://localhost:53676/devtools/browser/a9e967e2-5347-4089-aa43-2e4ec3761e4d
1652569574945	Marionette	INFO	Listening on port 53692
Read port: 53692
1652569574986	RemoteAgent	WARN	TLS certificate errors will be ignored for this session
console.warn: LoginRecipes: "getRecipes: falling back to a synchronous message for:" "https://www.noip.com"
console.warn: LoginRecipes: "getRecipes: falling back to a synchronous message for:" "https://www.noip.com"
JavaScript error: resource://gre/modules/LoginManagerParent.jsm, line 136: TypeError: gRecipeManager is null
console.warn: LoginRecipes: "getRecipes: falling back to a synchronous message for:" "https://www.noip.com"
JavaScript error: resource://gre/modules/LoginManagerParent.jsm, line 136: TypeError: gRecipeManager is null
console.warn: LoginRecipes: "getRecipes: falling back to a synchronous message for:" "https://www.noip.com"
JavaScript error: resource://gre/modules/LoginManagerParent.jsm, line 136: TypeError: gRecipeManager is null
JavaScript warning: https://d8jtxgaul97l0.cloudfront.net/build/assets/js/vendor.min-f71d7cdf52.js, line 10: WebGL warning: <Create>: WebglAllowWindowsNativeGl:false restricts context creation on this system.
JavaScript warning: https://d8jtxgaul97l0.cloudfront.net/build/assets/js/vendor.min-f71d7cdf52.js, line 10: Failed to create WebGL context: WebGL creation failed: 
* WebglAllowWindowsNativeGl:false restricts context creation on this system. ()
* Exhausted GL driver options. (FEATURE_FAILURE_WEBGL_EXHAUSTED_DRIVERS)
JavaScript warning: https://d8jtxgaul97l0.cloudfront.net/build/assets/js/vendor.min-f71d7cdf52.js, line 10: WebGL warning: <Create>: WebglAllowWindowsNativeGl:false restricts context creation on this system.
JavaScript warning: https://d8jtxgaul97l0.cloudfront.net/build/assets/js/vendor.min-f71d7cdf52.js, line 10: Failed to create WebGL context: WebGL creation failed: 
* WebglAllowWindowsNativeGl:false restricts context creation on this system. ()
* Exhausted GL driver options. (FEATURE_FAILURE_WEBGL_EXHAUSTED_DRIVERS)
JavaScript warning: https://d8jtxgaul97l0.cloudfront.net/build/assets/js/vendor.min-f71d7cdf52.js, line 10: WebGL warning: <Create>: WebglAllowWindowsNativeGl:false restricts context creation on this system.
JavaScript warning: https://d8jtxgaul97l0.cloudfront.net/build/assets/js/vendor.min-f71d7cdf52.js, line 10: Failed to create WebGL context: WebGL creation failed: 
* WebglAllowWindowsNativeGl:false restricts context creation on this system. ()
* Exhausted GL driver options. (FEATURE_FAILURE_WEBGL_EXHAUSTED_DRIVERS)
JavaScript warning: https://d8jtxgaul97l0.cloudfront.net/build/assets/js/vendor.min-f71d7cdf52.js, line 10: WebGL warning: <Create>: WebglAllowWindowsNativeGl:false restricts context creation on this system.
JavaScript warning: https://d8jtxgaul97l0.cloudfront.net/build/assets/js/vendor.min-f71d7cdf52.js, line 10: Failed to create WebGL context: WebGL creation failed: 
* WebglAllowWindowsNativeGl:false restricts context creation on this system. ()
* Exhausted GL driver options. (FEATURE_FAILURE_WEBGL_EXHAUSTED_DRIVERS)
1652569588864	Marionette	INFO	Stopped listening on port 53692

###!!! [Parent][PImageBridgeParent] Error: RunMessage(msgname=PImageBridge::Msg_WillClose) Channel closing: too late to send/recv, messages will be lost

1652569823724	geckodriver	INFO	Listening on 127.0.0.1:53834
1652569823749	mozrunner::runner	INFO	Running command: "/usr/bin/firefox" "--marionette" "-headless" "--remote-debugging-port" "53835" "--remote-allow-hosts" "localhost" "-no-remote" "-profile" "/tmp/rust_mozprofileEmY5PA"
*** You are running in headless mode.
[GFX1-]: No GPUs detected via PCI
[GFX1-]: glxtest: process failed (received signal 11)
1652569824392	Marionette	INFO	Marionette enabled
[GFX1-]: RenderCompositorSWGL failed mapping default framebuffer, no dt
console.warn: SearchSettings: "get: No settings file exists, new profile?" (new NotFoundError("Could not open the file at /tmp/rust_mozprofileEmY5PA/search.json.mozlz4", (void 0)))
DevTools listening on ws://localhost:53835/devtools/browser/9d6efdd6-0e69-4215-bd68-77744382c48f
1652569826066	Marionette	INFO	Listening on port 53848
Read port: 53848
1652569826188	RemoteAgent	WARN	TLS certificate errors will be ignored for this session
console.warn: LoginRecipes: "getRecipes: falling back to a synchronous message for:" "https://www.noip.com"
console.warn: LoginRecipes: "getRecipes: falling back to a synchronous message for:" "https://www.noip.com"
JavaScript error: resource://gre/modules/LoginManagerParent.jsm, line 136: TypeError: gRecipeManager is null
console.warn: LoginRecipes: "getRecipes: falling back to a synchronous message for:" "https://www.noip.com"
JavaScript error: resource://gre/modules/LoginManagerParent.jsm, line 136: TypeError: gRecipeManager is null
console.warn: LoginRecipes: "getRecipes: falling back to a synchronous message for:" "https://www.noip.com"
JavaScript error: resource://gre/modules/LoginManagerParent.jsm, line 136: TypeError: gRecipeManager is null
JavaScript warning: https://d8jtxgaul97l0.cloudfront.net/build/assets/js/vendor.min-f71d7cdf52.js, line 10: WebGL warning: <Create>: WebglAllowWindowsNativeGl:false restricts context creation on this system.
JavaScript warning: https://d8jtxgaul97l0.cloudfront.net/build/assets/js/vendor.min-f71d7cdf52.js, line 10: Failed to create WebGL context: WebGL creation failed: 
* WebglAllowWindowsNativeGl:false restricts context creation on this system. ()
* Exhausted GL driver options. (FEATURE_FAILURE_WEBGL_EXHAUSTED_DRIVERS)
JavaScript warning: https://d8jtxgaul97l0.cloudfront.net/build/assets/js/vendor.min-f71d7cdf52.js, line 10: WebGL warning: <Create>: WebglAllowWindowsNativeGl:false restricts context creation on this system.
JavaScript warning: https://d8jtxgaul97l0.cloudfront.net/build/assets/js/vendor.min-f71d7cdf52.js, line 10: Failed to create WebGL context: WebGL creation failed: 
* WebglAllowWindowsNativeGl:false restricts context creation on this system. ()
* Exhausted GL driver options. (FEATURE_FAILURE_WEBGL_EXHAUSTED_DRIVERS)
JavaScript warning: https://d8jtxgaul97l0.cloudfront.net/build/assets/js/vendor.min-f71d7cdf52.js, line 10: WebGL warning: <Create>: WebglAllowWindowsNativeGl:false restricts context creation on this system.
JavaScript warning: https://d8jtxgaul97l0.cloudfront.net/build/assets/js/vendor.min-f71d7cdf52.js, line 10: Failed to create WebGL context: WebGL creation failed: 
* WebglAllowWindowsNativeGl:false restricts context creation on this system. ()
* Exhausted GL driver options. (FEATURE_FAILURE_WEBGL_EXHAUSTED_DRIVERS)
JavaScript warning: https://d8jtxgaul97l0.cloudfront.net/build/assets/js/vendor.min-f71d7cdf52.js, line 10: WebGL warning: <Create>: WebglAllowWindowsNativeGl:false restricts context creation on this system.
JavaScript warning: https://d8jtxgaul97l0.cloudfront.net/build/assets/js/vendor.min-f71d7cdf52.js, line 10: Failed to create WebGL context: WebGL creation failed: 
* WebglAllowWindowsNativeGl:false restricts context creation on this system. ()
* Exhausted GL driver options. (FEATURE_FAILURE_WEBGL_EXHAUSTED_DRIVERS)
1652569836446	Marionette	INFO	Stopped listening on port 53848
1652570267079	geckodriver	INFO	Listening on 127.0.0.1:53950
1652570267106	mozrunner::runner	INFO	Running command: "/usr/bin/firefox" "--marionette" "-headless" "--remote-debugging-port" "53951" "--remote-allow-hosts" "localhost" "-no-remote" "-profile" "/tmp/rust_mozprofilebeMftd"
*** You are running in headless mode.
[GFX1-]: No GPUs detected via PCI
[GFX1-]: glxtest: process failed (received signal 11)
1652570267775	Marionette	INFO	Marionette enabled
[GFX1-]: RenderCompositorSWGL failed mapping default framebuffer, no dt
console.warn: SearchSettings: "get: No settings file exists, new profile?" (new NotFoundError("Could not open the file at /tmp/rust_mozprofilebeMftd/search.json.mozlz4", (void 0)))
DevTools listening on ws://localhost:53951/devtools/browser/ea922721-0d42-43f4-8600-8822b5e04bbc
1652570269428	Marionette	INFO	Listening on port 53964
Read port: 53964
1652570269538	RemoteAgent	WARN	TLS certificate errors will be ignored for this session
1652570295525	geckodriver	INFO	Listening on 127.0.0.1:54025
1652570295561	mozrunner::runner	INFO	Running command: "/usr/bin/firefox" "--marionette" "-headless" "--remote-debugging-port" "54026" "--remote-allow-hosts" "localhost" "-no-remote" "-profile" "/tmp/rust_mozprofilehTTbId"
*** You are running in headless mode.
[GFX1-]: No GPUs detected via PCI
[GFX1-]: glxtest: process failed (received signal 11)
1652570296221	Marionette	INFO	Marionette enabled
[GFX1-]: RenderCompositorSWGL failed mapping default framebuffer, no dt
console.warn: SearchSettings: "get: No settings file exists, new profile?" (new NotFoundError("Could not open the file at /tmp/rust_mozprofilehTTbId/search.json.mozlz4", (void 0)))
DevTools listening on ws://localhost:54026/devtools/browser/829846c1-422c-4a67-8668-ce1948b8162c
1652570297939	Marionette	INFO	Listening on port 54040
Read port: 54040
1652570297994	RemoteAgent	WARN	TLS certificate errors will be ignored for this session
console.warn: LoginRecipes: "getRecipes: falling back to a synchronous message for:" "https://www.noip.com"
console.warn: LoginRecipes: "getRecipes: falling back to a synchronous message for:" "https://www.noip.com"
JavaScript error: resource://gre/modules/LoginManagerParent.jsm, line 136: TypeError: gRecipeManager is null
console.warn: LoginRecipes: "getRecipes: falling back to a synchronous message for:" "https://www.noip.com"
JavaScript error: resource://gre/modules/LoginManagerParent.jsm, line 136: TypeError: gRecipeManager is null
console.warn: LoginRecipes: "getRecipes: falling back to a synchronous message for:" "https://www.noip.com"
JavaScript error: resource://gre/modules/LoginManagerParent.jsm, line 136: TypeError: gRecipeManager is null
JavaScript warning: https://d8jtxgaul97l0.cloudfront.net/build/assets/js/vendor.min-f71d7cdf52.js, line 10: WebGL warning: <Create>: WebglAllowWindowsNativeGl:false restricts context creation on this system.
JavaScript warning: https://d8jtxgaul97l0.cloudfront.net/build/assets/js/vendor.min-f71d7cdf52.js, line 10: Failed to create WebGL context: WebGL creation failed: 
* WebglAllowWindowsNativeGl:false restricts context creation on this system. ()
* Exhausted GL driver options. (FEATURE_FAILURE_WEBGL_EXHAUSTED_DRIVERS)
JavaScript warning: https://d8jtxgaul97l0.cloudfront.net/build/assets/js/vendor.min-f71d7cdf52.js, line 10: WebGL warning: <Create>: WebglAllowWindowsNativeGl:false restricts context creation on this system.
JavaScript warning: https://d8jtxgaul97l0.cloudfront.net/build/assets/js/vendor.min-f71d7cdf52.js, line 10: Failed to create WebGL context: WebGL creation failed: 
* WebglAllowWindowsNativeGl:false restricts context creation on this system. ()
* Exhausted GL driver options. (FEATURE_FAILURE_WEBGL_EXHAUSTED_DRIVERS)
JavaScript warning: https://d8jtxgaul97l0.cloudfront.net/build/assets/js/vendor.min-f71d7cdf52.js, line 10: WebGL warning: <Create>: WebglAllowWindowsNativeGl:false restricts context creation on this system.
JavaScript warning: https://d8jtxgaul97l0.cloudfront.net/build/assets/js/vendor.min-f71d7cdf52.js, line 10: Failed to create WebGL context: WebGL creation failed: 
* WebglAllowWindowsNativeGl:false restricts context creation on this system. ()
* Exhausted GL driver options. (FEATURE_FAILURE_WEBGL_EXHAUSTED_DRIVERS)
JavaScript warning: https://d8jtxgaul97l0.cloudfront.net/build/assets/js/vendor.min-f71d7cdf52.js, line 10: WebGL warning: <Create>: WebglAllowWindowsNativeGl:false restricts context creation on this system.
JavaScript warning: https://d8jtxgaul97l0.cloudfront.net/build/assets/js/vendor.min-f71d7cdf52.js, line 10: Failed to create WebGL context: WebGL creation failed: 
* WebglAllowWindowsNativeGl:false restricts context creation on this system. ()
* Exhausted GL driver options. (FEATURE_FAILURE_WEBGL_EXHAUSTED_DRIVERS)
1652570317242	geckodriver	INFO	Listening on 127.0.0.1:54116
1652570317257	mozrunner::runner	INFO	Running command: "/usr/bin/firefox" "--marionette" "-headless" "--remote-debugging-port" "54117" "--remote-allow-hosts" "localhost" "-no-remote" "-profile" "/tmp/rust_mozprofile81mpxt"
*** You are running in headless mode.
[GFX1-]: No GPUs detected via PCI
[GFX1-]: glxtest: process failed (received signal 11)
1652570317922	Marionette	INFO	Marionette enabled
[GFX1-]: RenderCompositorSWGL failed mapping default framebuffer, no dt
console.warn: SearchSettings: "get: No settings file exists, new profile?" (new NotFoundError("Could not open the file at /tmp/rust_mozprofile81mpxt/search.json.mozlz4", (void 0)))
DevTools listening on ws://localhost:54117/devtools/browser/233c3657-fbc3-487c-bf18-47178a0587fd
1652570319845	Marionette	INFO	Listening on port 54132
Read port: 54132
1652570319892	RemoteAgent	WARN	TLS certificate errors will be ignored for this session
console.warn: LoginRecipes: "getRecipes: falling back to a synchronous message for:" "https://www.noip.com"
console.warn: LoginRecipes: "getRecipes: falling back to a synchronous message for:" "https://www.noip.com"
JavaScript error: resource://gre/modules/LoginManagerParent.jsm, line 136: TypeError: gRecipeManager is null
console.warn: LoginRecipes: "getRecipes: falling back to a synchronous message for:" "https://www.noip.com"
JavaScript error: resource://gre/modules/LoginManagerParent.jsm, line 136: TypeError: gRecipeManager is null
console.warn: LoginRecipes: "getRecipes: falling back to a synchronous message for:" "https://www.noip.com"
JavaScript error: resource://gre/modules/LoginManagerParent.jsm, line 136: TypeError: gRecipeManager is null
JavaScript warning: https://d8jtxgaul97l0.cloudfront.net/build/assets/js/vendor.min-f71d7cdf52.js, line 10: WebGL warning: <Create>: WebglAllowWindowsNativeGl:false restricts context creation on this system.
JavaScript warning: https://d8jtxgaul97l0.cloudfront.net/build/assets/js/vendor.min-f71d7cdf52.js, line 10: Failed to create WebGL context: WebGL creation failed: 
* WebglAllowWindowsNativeGl:false restricts context creation on this system. ()
* Exhausted GL driver options. (FEATURE_FAILURE_WEBGL_EXHAUSTED_DRIVERS)
JavaScript warning: https://d8jtxgaul97l0.cloudfront.net/build/assets/js/vendor.min-f71d7cdf52.js, line 10: WebGL warning: <Create>: WebglAllowWindowsNativeGl:false restricts context creation on this system.
JavaScript warning: https://d8jtxgaul97l0.cloudfront.net/build/assets/js/vendor.min-f71d7cdf52.js, line 10: Failed to create WebGL context: WebGL creation failed: 
* WebglAllowWindowsNativeGl:false restricts context creation on this system. ()
* Exhausted GL driver options. (FEATURE_FAILURE_WEBGL_EXHAUSTED_DRIVERS)
JavaScript warning: https://d8jtxgaul97l0.cloudfront.net/build/assets/js/vendor.min-f71d7cdf52.js, line 10: WebGL warning: <Create>: WebglAllowWindowsNativeGl:false restricts context creation on this system.
JavaScript warning: https://d8jtxgaul97l0.cloudfront.net/build/assets/js/vendor.min-f71d7cdf52.js, line 10: Failed to create WebGL context: WebGL creation failed: 
* WebglAllowWindowsNativeGl:false restricts context creation on this system. ()
* Exhausted GL driver options. (FEATURE_FAILURE_WEBGL_EXHAUSTED_DRIVERS)
JavaScript warning: https://d8jtxgaul97l0.cloudfront.net/build/assets/js/vendor.min-f71d7cdf52.js, line 10: WebGL warning: <Create>: WebglAllowWindowsNativeGl:false restricts context creation on this system.
JavaScript warning: https://d8jtxgaul97l0.cloudfront.net/build/assets/js/vendor.min-f71d7cdf52.js, line 10: Failed to create WebGL context: WebGL creation failed: 
* WebglAllowWindowsNativeGl:false restricts context creation on this system. ()
* Exhausted GL driver options. (FEATURE_FAILURE_WEBGL_EXHAUSTED_DRIVERS)
1652570330572	Marionette	INFO	Stopped listening on port 54132

###!!! [Parent][PImageBridgeParent] Error: RunMessage(msgname=PImageBridge::Msg_WillClose) Channel closing: too late to send/recv, messages will be lost

console.warn: LoginRecipes: "getRecipes: falling back to a synchronous message for:" "https://my.noip.com"
JavaScript error: resource://gre/modules/LoginManagerParent.jsm, line 136: TypeError: gRecipeManager is null
console.warn: LoginRecipes: "getRecipes: falling back to a synchronous message for:" "https://my.noip.com"
JavaScript error: resource://gre/modules/LoginManagerParent.jsm, line 136: TypeError: gRecipeManager is null
1653222655141	geckodriver	INFO	Listening on 127.0.0.1:50313
1653222655171	mozrunner::runner	INFO	Running command: "/usr/bin/firefox" "--marionette" "-headless" "--remote-debugging-port" "50314" "--remote-allow-hosts" "localhost" "-no-remote" "-profile" "/tmp/rust_mozprofileNBmZDN"
*** You are running in headless mode.
[GFX1-]: No GPUs detected via PCI
[GFX1-]: glxtest: process failed (received signal 11)
1653222656892	Marionette	INFO	Marionette enabled
[GFX1-]: RenderCompositorSWGL failed mapping default framebuffer, no dt
console.warn: SearchSettings: "get: No settings file exists, new profile?" (new NotFoundError("Could not open the file at /tmp/rust_mozprofileNBmZDN/search.json.mozlz4", (void 0)))
DevTools listening on ws://localhost:50314/devtools/browser/ab066996-0078-4194-be87-3bb564ff2c96
1653222658935	Marionette	INFO	Listening on port 50325
Read port: 50325
1653222658987	RemoteAgent	WARN	TLS certificate errors will be ignored for this session
console.warn: LoginRecipes: "getRecipes: falling back to a synchronous message for:" "https://www.noip.com"
console.warn: LoginRecipes: "getRecipes: falling back to a synchronous message for:" "https://www.noip.com"
JavaScript error: resource://gre/modules/LoginManagerParent.jsm, line 136: TypeError: gRecipeManager is null
console.warn: LoginRecipes: "getRecipes: falling back to a synchronous message for:" "https://www.noip.com"
JavaScript error: resource://gre/modules/LoginManagerParent.jsm, line 136: TypeError: gRecipeManager is null
console.warn: LoginRecipes: "getRecipes: falling back to a synchronous message for:" "https://www.noip.com"
JavaScript error: resource://gre/modules/LoginManagerParent.jsm, line 136: TypeError: gRecipeManager is null
JavaScript warning: https://d8jtxgaul97l0.cloudfront.net/build/assets/js/vendor.min-f71d7cdf52.js, line 10: WebGL warning: <Create>: WebglAllowWindowsNativeGl:false restricts context creation on this system.
JavaScript warning: https://d8jtxgaul97l0.cloudfront.net/build/assets/js/vendor.min-f71d7cdf52.js, line 10: Failed to create WebGL context: WebGL creation failed: 
* WebglAllowWindowsNativeGl:false restricts context creation on this system. ()
* Exhausted GL driver options. (FEATURE_FAILURE_WEBGL_EXHAUSTED_DRIVERS)
JavaScript warning: https://d8jtxgaul97l0.cloudfront.net/build/assets/js/vendor.min-f71d7cdf52.js, line 10: WebGL warning: <Create>: WebglAllowWindowsNativeGl:false restricts context creation on this system.
JavaScript warning: https://d8jtxgaul97l0.cloudfront.net/build/assets/js/vendor.min-f71d7cdf52.js, line 10: Failed to create WebGL context: WebGL creation failed: 
* WebglAllowWindowsNativeGl:false restricts context creation on this system. ()
* Exhausted GL driver options. (FEATURE_FAILURE_WEBGL_EXHAUSTED_DRIVERS)
JavaScript warning: https://d8jtxgaul97l0.cloudfront.net/build/assets/js/vendor.min-f71d7cdf52.js, line 10: WebGL warning: <Create>: WebglAllowWindowsNativeGl:false restricts context creation on this system.
JavaScript warning: https://d8jtxgaul97l0.cloudfront.net/build/assets/js/vendor.min-f71d7cdf52.js, line 10: Failed to create WebGL context: WebGL creation failed: 
* WebglAllowWindowsNativeGl:false restricts context creation on this system. ()
* Exhausted GL driver options. (FEATURE_FAILURE_WEBGL_EXHAUSTED_DRIVERS)
JavaScript warning: https://d8jtxgaul97l0.cloudfront.net/build/assets/js/vendor.min-f71d7cdf52.js, line 10: WebGL warning: <Create>: WebglAllowWindowsNativeGl:false restricts context creation on this system.
JavaScript warning: https://d8jtxgaul97l0.cloudfront.net/build/assets/js/vendor.min-f71d7cdf52.js, line 10: Failed to create WebGL context: WebGL creation failed: 
* WebglAllowWindowsNativeGl:false restricts context creation on this system. ()
* Exhausted GL driver options. (FEATURE_FAILURE_WEBGL_EXHAUSTED_DRIVERS)
1653222669572	Marionette	INFO	Stopped listening on port 50325
1653222705969	geckodriver	INFO	Listening on 127.0.0.1:50436
1653222705981	mozrunner::runner	INFO	Running command: "/usr/bin/firefox" "--marionette" "-headless" "--remote-debugging-port" "50437" "--remote-allow-hosts" "localhost" "-no-remote" "-profile" "/tmp/rust_mozprofileX7ORhv"
*** You are running in headless mode.
[GFX1-]: No GPUs detected via PCI
[GFX1-]: glxtest: process failed (received signal 11)
1653222706546	Marionette	INFO	Marionette enabled
[GFX1-]: RenderCompositorSWGL failed mapping default framebuffer, no dt
console.warn: SearchSettings: "get: No settings file exists, new profile?" (new NotFoundError("Could not open the file at /tmp/rust_mozprofileX7ORhv/search.json.mozlz4", (void 0)))
DevTools listening on ws://localhost:50437/devtools/browser/abb74195-b7d1-4b3a-90b0-461104581a92
1653222708068	Marionette	INFO	Listening on port 50450
Read port: 50450
1653222708182	RemoteAgent	WARN	TLS certificate errors will be ignored for this session
console.warn: LoginRecipes: "getRecipes: falling back to a synchronous message for:" "https://www.noip.com"
console.warn: LoginRecipes: "getRecipes: falling back to a synchronous message for:" "https://www.noip.com"
JavaScript error: resource://gre/modules/LoginManagerParent.jsm, line 136: TypeError: gRecipeManager is null
console.warn: LoginRecipes: "getRecipes: falling back to a synchronous message for:" "https://www.noip.com"
JavaScript error: resource://gre/modules/LoginManagerParent.jsm, line 136: TypeError: gRecipeManager is null
console.warn: LoginRecipes: "getRecipes: falling back to a synchronous message for:" "https://www.noip.com"
JavaScript error: resource://gre/modules/LoginManagerParent.jsm, line 136: TypeError: gRecipeManager is null
JavaScript warning: https://d8jtxgaul97l0.cloudfront.net/build/assets/js/vendor.min-f71d7cdf52.js, line 10: WebGL warning: <Create>: WebglAllowWindowsNativeGl:false restricts context creation on this system.
JavaScript warning: https://d8jtxgaul97l0.cloudfront.net/build/assets/js/vendor.min-f71d7cdf52.js, line 10: Failed to create WebGL context: WebGL creation failed: 
* WebglAllowWindowsNativeGl:false restricts context creation on this system. ()
* Exhausted GL driver options. (FEATURE_FAILURE_WEBGL_EXHAUSTED_DRIVERS)
JavaScript warning: https://d8jtxgaul97l0.cloudfront.net/build/assets/js/vendor.min-f71d7cdf52.js, line 10: WebGL warning: <Create>: WebglAllowWindowsNativeGl:false restricts context creation on this system.
JavaScript warning: https://d8jtxgaul97l0.cloudfront.net/build/assets/js/vendor.min-f71d7cdf52.js, line 10: Failed to create WebGL context: WebGL creation failed: 
* WebglAllowWindowsNativeGl:false restricts context creation on this system. ()
* Exhausted GL driver options. (FEATURE_FAILURE_WEBGL_EXHAUSTED_DRIVERS)
JavaScript warning: https://d8jtxgaul97l0.cloudfront.net/build/assets/js/vendor.min-f71d7cdf52.js, line 10: WebGL warning: <Create>: WebglAllowWindowsNativeGl:false restricts context creation on this system.
JavaScript warning: https://d8jtxgaul97l0.cloudfront.net/build/assets/js/vendor.min-f71d7cdf52.js, line 10: Failed to create WebGL context: WebGL creation failed: 
* WebglAllowWindowsNativeGl:false restricts context creation on this system. ()
* Exhausted GL driver options. (FEATURE_FAILURE_WEBGL_EXHAUSTED_DRIVERS)
JavaScript warning: https://d8jtxgaul97l0.cloudfront.net/build/assets/js/vendor.min-f71d7cdf52.js, line 10: WebGL warning: <Create>: WebglAllowWindowsNativeGl:false restricts context creation on this system.
JavaScript warning: https://d8jtxgaul97l0.cloudfront.net/build/assets/js/vendor.min-f71d7cdf52.js, line 10: Failed to create WebGL context: WebGL creation failed: 
* WebglAllowWindowsNativeGl:false restricts context creation on this system. ()
* Exhausted GL driver options. (FEATURE_FAILURE_WEBGL_EXHAUSTED_DRIVERS)
1653222718908	Marionette	INFO	Stopped listening on port 50450
1653222737415	geckodriver	INFO	Listening on 127.0.0.1:50526
1653222737441	mozrunner::runner	INFO	Running command: "/usr/bin/firefox" "--marionette" "-headless" "--remote-debugging-port" "50527" "--remote-allow-hosts" "localhost" "-no-remote" "-profile" "/tmp/rust_mozprofileKGeZXo"
*** You are running in headless mode.
[GFX1-]: No GPUs detected via PCI
[GFX1-]: glxtest: process failed (received signal 11)
1653222738037	Marionette	INFO	Marionette enabled
[GFX1-]: RenderCompositorSWGL failed mapping default framebuffer, no dt
console.warn: SearchSettings: "get: No settings file exists, new profile?" (new NotFoundError("Could not open the file at /tmp/rust_mozprofileKGeZXo/search.json.mozlz4", (void 0)))
DevTools listening on ws://localhost:50527/devtools/browser/d932814f-c99f-479c-87a5-fafa650a437e
1653222739612	Marionette	INFO	Listening on port 50539
Read port: 50539
1653222739667	RemoteAgent	WARN	TLS certificate errors will be ignored for this session
console.warn: LoginRecipes: "getRecipes: falling back to a synchronous message for:" "https://www.noip.com"
console.warn: LoginRecipes: "getRecipes: falling back to a synchronous message for:" "https://www.noip.com"
JavaScript error: resource://gre/modules/LoginManagerParent.jsm, line 136: TypeError: gRecipeManager is null
console.warn: LoginRecipes: "getRecipes: falling back to a synchronous message for:" "https://www.noip.com"
JavaScript error: resource://gre/modules/LoginManagerParent.jsm, line 136: TypeError: gRecipeManager is null
console.warn: LoginRecipes: "getRecipes: falling back to a synchronous message for:" "https://www.noip.com"
JavaScript error: resource://gre/modules/LoginManagerParent.jsm, line 136: TypeError: gRecipeManager is null
JavaScript warning: https://d8jtxgaul97l0.cloudfront.net/build/assets/js/vendor.min-f71d7cdf52.js, line 10: WebGL warning: <Create>: WebglAllowWindowsNativeGl:false restricts context creation on this system.
JavaScript warning: https://d8jtxgaul97l0.cloudfront.net/build/assets/js/vendor.min-f71d7cdf52.js, line 10: Failed to create WebGL context: WebGL creation failed: 
* WebglAllowWindowsNativeGl:false restricts context creation on this system. ()
* Exhausted GL driver options. (FEATURE_FAILURE_WEBGL_EXHAUSTED_DRIVERS)
JavaScript warning: https://d8jtxgaul97l0.cloudfront.net/build/assets/js/vendor.min-f71d7cdf52.js, line 10: WebGL warning: <Create>: WebglAllowWindowsNativeGl:false restricts context creation on this system.
JavaScript warning: https://d8jtxgaul97l0.cloudfront.net/build/assets/js/vendor.min-f71d7cdf52.js, line 10: Failed to create WebGL context: WebGL creation failed: 
* WebglAllowWindowsNativeGl:false restricts context creation on this system. ()
* Exhausted GL driver options. (FEATURE_FAILURE_WEBGL_EXHAUSTED_DRIVERS)
JavaScript warning: https://d8jtxgaul97l0.cloudfront.net/build/assets/js/vendor.min-f71d7cdf52.js, line 10: WebGL warning: <Create>: WebglAllowWindowsNativeGl:false restricts context creation on this system.
JavaScript warning: https://d8jtxgaul97l0.cloudfront.net/build/assets/js/vendor.min-f71d7cdf52.js, line 10: Failed to create WebGL context: WebGL creation failed: 
* WebglAllowWindowsNativeGl:false restricts context creation on this system. ()
* Exhausted GL driver options. (FEATURE_FAILURE_WEBGL_EXHAUSTED_DRIVERS)
JavaScript warning: https://d8jtxgaul97l0.cloudfront.net/build/assets/js/vendor.min-f71d7cdf52.js, line 10: WebGL warning: <Create>: WebglAllowWindowsNativeGl:false restricts context creation on this system.
JavaScript warning: https://d8jtxgaul97l0.cloudfront.net/build/assets/js/vendor.min-f71d7cdf52.js, line 10: Failed to create WebGL context: WebGL creation failed: 
* WebglAllowWindowsNativeGl:false restricts context creation on this system. ()
* Exhausted GL driver options. (FEATURE_FAILURE_WEBGL_EXHAUSTED_DRIVERS)
1653222749964	Marionette	INFO	Stopped listening on port 50539

###!!! [Parent][PImageBridgeParent] Error: RunMessage(msgname=PImageBridge::Msg_WillClose) Channel closing: too late to send/recv, messages will be lost

1656370996009	geckodriver	INFO	Listening on 127.0.0.1:59055
1656370996047	mozrunner::runner	INFO	Running command: "/usr/bin/firefox" "--marionette" "-headless" "--remote-debugging-port" "59056" "--remote-allow-hosts" "localhost" "-no-remote" "-profile" "/tmp/rust_mozprofile9loeeP"
*** You are running in headless mode.
[GFX1-]: No GPUs detected via PCI
[GFX1-]: glxtest: process failed (received signal 11)
1656370997779	Marionette	INFO	Marionette enabled
[GFX1-]: RenderCompositorSWGL failed mapping default framebuffer, no dt
console.warn: SearchSettings: "get: No settings file exists, new profile?" (new NotFoundError("Could not open the file at /tmp/rust_mozprofile9loeeP/search.json.mozlz4", (void 0)))
DevTools listening on ws://localhost:59056/devtools/browser/ffeb8531-bf26-4242-b28f-46c03c74748d
1656370999609	Marionette	INFO	Listening on port 59067
Read port: 59067
1656370999668	RemoteAgent	WARN	TLS certificate errors will be ignored for this session
console.warn: LoginRecipes: "getRecipes: falling back to a synchronous message for:" "https://www.noip.com"
console.warn: LoginRecipes: "getRecipes: falling back to a synchronous message for:" "https://www.noip.com"
JavaScript error: resource://gre/modules/LoginManagerParent.jsm, line 136: TypeError: gRecipeManager is null
console.warn: LoginRecipes: "getRecipes: falling back to a synchronous message for:" "https://www.noip.com"
JavaScript error: resource://gre/modules/LoginManagerParent.jsm, line 136: TypeError: gRecipeManager is null
console.warn: LoginRecipes: "getRecipes: falling back to a synchronous message for:" "https://www.noip.com"
JavaScript error: resource://gre/modules/LoginManagerParent.jsm, line 136: TypeError: gRecipeManager is null
JavaScript warning: https://d8jtxgaul97l0.cloudfront.net/build/assets/js/vendor.min-f71d7cdf52.js, line 10: WebGL warning: <Create>: WebglAllowWindowsNativeGl:false restricts context creation on this system.
JavaScript warning: https://d8jtxgaul97l0.cloudfront.net/build/assets/js/vendor.min-f71d7cdf52.js, line 10: Failed to create WebGL context: WebGL creation failed: 
* WebglAllowWindowsNativeGl:false restricts context creation on this system. ()
* Exhausted GL driver options. (FEATURE_FAILURE_WEBGL_EXHAUSTED_DRIVERS)
JavaScript warning: https://d8jtxgaul97l0.cloudfront.net/build/assets/js/vendor.min-f71d7cdf52.js, line 10: WebGL warning: <Create>: WebglAllowWindowsNativeGl:false restricts context creation on this system.
JavaScript warning: https://d8jtxgaul97l0.cloudfront.net/build/assets/js/vendor.min-f71d7cdf52.js, line 10: Failed to create WebGL context: WebGL creation failed: 
* WebglAllowWindowsNativeGl:false restricts context creation on this system. ()
* Exhausted GL driver options. (FEATURE_FAILURE_WEBGL_EXHAUSTED_DRIVERS)
JavaScript warning: https://d8jtxgaul97l0.cloudfront.net/build/assets/js/vendor.min-f71d7cdf52.js, line 10: WebGL warning: <Create>: WebglAllowWindowsNativeGl:false restricts context creation on this system.
JavaScript warning: https://d8jtxgaul97l0.cloudfront.net/build/assets/js/vendor.min-f71d7cdf52.js, line 10: Failed to create WebGL context: WebGL creation failed: 
* WebglAllowWindowsNativeGl:false restricts context creation on this system. ()
* Exhausted GL driver options. (FEATURE_FAILURE_WEBGL_EXHAUSTED_DRIVERS)
JavaScript warning: https://d8jtxgaul97l0.cloudfront.net/build/assets/js/vendor.min-f71d7cdf52.js, line 10: WebGL warning: <Create>: WebglAllowWindowsNativeGl:false restricts context creation on this system.
JavaScript warning: https://d8jtxgaul97l0.cloudfront.net/build/assets/js/vendor.min-f71d7cdf52.js, line 10: Failed to create WebGL context: WebGL creation failed: 
* WebglAllowWindowsNativeGl:false restricts context creation on this system. ()
* Exhausted GL driver options. (FEATURE_FAILURE_WEBGL_EXHAUSTED_DRIVERS)
1656371009847	Marionette	INFO	Stopped listening on port 59067

###!!! [Parent][PImageBridgeParent] Error: RunMessage(msgname=PImageBridge::Msg_WillClose) Channel closing: too late to send/recv, messages will be lost

1656371705912	geckodriver	INFO	Listening on 127.0.0.1:59280
1656371705938	mozrunner::runner	INFO	Running command: "/usr/bin/firefox" "--marionette" "-headless" "--remote-debugging-port" "59281" "--remote-allow-hosts" "localhost" "-no-remote" "-profile" "/tmp/rust_mozprofilesMwyVS"
*** You are running in headless mode.
[GFX1-]: No GPUs detected via PCI
[GFX1-]: glxtest: process failed (received signal 11)
1656371706533	Marionette	INFO	Marionette enabled
[GFX1-]: RenderCompositorSWGL failed mapping default framebuffer, no dt
console.warn: SearchSettings: "get: No settings file exists, new profile?" (new NotFoundError("Could not open the file at /tmp/rust_mozprofilesMwyVS/search.json.mozlz4", (void 0)))
DevTools listening on ws://localhost:59281/devtools/browser/ca95de96-500a-443c-8290-7e87fa1b9843
1656371708171	Marionette	INFO	Listening on port 59293
Read port: 59293
1656371708262	RemoteAgent	WARN	TLS certificate errors will be ignored for this session
1656371730791	geckodriver	INFO	Listening on 127.0.0.1:59356
1656371730804	mozrunner::runner	INFO	Running command: "/usr/bin/firefox" "--marionette" "-headless" "--remote-debugging-port" "59357" "--remote-allow-hosts" "localhost" "-no-remote" "-profile" "/tmp/rust_mozprofilemyiq3r"
*** You are running in headless mode.
[GFX1-]: No GPUs detected via PCI
[GFX1-]: glxtest: process failed (received signal 11)
1656371731392	Marionette	INFO	Marionette enabled
[GFX1-]: RenderCompositorSWGL failed mapping default framebuffer, no dt
console.warn: SearchSettings: "get: No settings file exists, new profile?" (new NotFoundError("Could not open the file at /tmp/rust_mozprofilemyiq3r/search.json.mozlz4", (void 0)))
DevTools listening on ws://localhost:59357/devtools/browser/6d154d5a-b5f0-4d36-93ed-b641f727323d
1656371732820	Marionette	INFO	Listening on port 59367
Read port: 59367
1656371732926	RemoteAgent	WARN	TLS certificate errors will be ignored for this session
console.warn: LoginRecipes: "getRecipes: falling back to a synchronous message for:" "https://www.noip.com"
console.warn: LoginRecipes: "getRecipes: falling back to a synchronous message for:" "https://www.noip.com"
JavaScript error: resource://gre/modules/LoginManagerParent.jsm, line 136: TypeError: gRecipeManager is null
console.warn: LoginRecipes: "getRecipes: falling back to a synchronous message for:" "https://www.noip.com"
JavaScript error: resource://gre/modules/LoginManagerParent.jsm, line 136: TypeError: gRecipeManager is null
console.warn: LoginRecipes: "getRecipes: falling back to a synchronous message for:" "https://www.noip.com"
JavaScript error: resource://gre/modules/LoginManagerParent.jsm, line 136: TypeError: gRecipeManager is null
JavaScript warning: https://d8jtxgaul97l0.cloudfront.net/build/assets/js/vendor.min-f71d7cdf52.js, line 10: WebGL warning: <Create>: WebglAllowWindowsNativeGl:false restricts context creation on this system.
JavaScript warning: https://d8jtxgaul97l0.cloudfront.net/build/assets/js/vendor.min-f71d7cdf52.js, line 10: Failed to create WebGL context: WebGL creation failed: 
* WebglAllowWindowsNativeGl:false restricts context creation on this system. ()
* Exhausted GL driver options. (FEATURE_FAILURE_WEBGL_EXHAUSTED_DRIVERS)
JavaScript warning: https://d8jtxgaul97l0.cloudfront.net/build/assets/js/vendor.min-f71d7cdf52.js, line 10: WebGL warning: <Create>: WebglAllowWindowsNativeGl:false restricts context creation on this system.
JavaScript warning: https://d8jtxgaul97l0.cloudfront.net/build/assets/js/vendor.min-f71d7cdf52.js, line 10: Failed to create WebGL context: WebGL creation failed: 
* WebglAllowWindowsNativeGl:false restricts context creation on this system. ()
* Exhausted GL driver options. (FEATURE_FAILURE_WEBGL_EXHAUSTED_DRIVERS)
JavaScript warning: https://d8jtxgaul97l0.cloudfront.net/build/assets/js/vendor.min-f71d7cdf52.js, line 10: WebGL warning: <Create>: WebglAllowWindowsNativeGl:false restricts context creation on this system.
JavaScript warning: https://d8jtxgaul97l0.cloudfront.net/build/assets/js/vendor.min-f71d7cdf52.js, line 10: Failed to create WebGL context: WebGL creation failed: 
* WebglAllowWindowsNativeGl:false restricts context creation on this system. ()
* Exhausted GL driver options. (FEATURE_FAILURE_WEBGL_EXHAUSTED_DRIVERS)
JavaScript warning: https://d8jtxgaul97l0.cloudfront.net/build/assets/js/vendor.min-f71d7cdf52.js, line 10: WebGL warning: <Create>: WebglAllowWindowsNativeGl:false restricts context creation on this system.
JavaScript warning: https://d8jtxgaul97l0.cloudfront.net/build/assets/js/vendor.min-f71d7cdf52.js, line 10: Failed to create WebGL context: WebGL creation failed: 
* WebglAllowWindowsNativeGl:false restricts context creation on this system. ()
* Exhausted GL driver options. (FEATURE_FAILURE_WEBGL_EXHAUSTED_DRIVERS)
1656371741644	Marionette	INFO	Stopped listening on port 59367

###!!! [Parent][PImageBridgeParent] Error: RunMessage(msgname=PImageBridge::Msg_WillClose) Channel closing: too late to send/recv, messages will be lost

1656371752004	geckodriver	INFO	Listening on 127.0.0.1:59443
1656371752019	mozrunner::runner	INFO	Running command: "/usr/bin/firefox" "--marionette" "-headless" "--remote-debugging-port" "59444" "--remote-allow-hosts" "localhost" "-no-remote" "-profile" "/tmp/rust_mozprofilepgPWlm"
*** You are running in headless mode.
[GFX1-]: No GPUs detected via PCI
[GFX1-]: glxtest: process failed (received signal 11)
1656371752614	Marionette	INFO	Marionette enabled
[GFX1-]: RenderCompositorSWGL failed mapping default framebuffer, no dt
console.warn: SearchSettings: "get: No settings file exists, new profile?" (new NotFoundError("Could not open the file at /tmp/rust_mozprofilepgPWlm/search.json.mozlz4", (void 0)))
DevTools listening on ws://localhost:59444/devtools/browser/c47ce4a1-2149-4f4f-8b2b-916a9850674f
1656371754179	Marionette	INFO	Listening on port 59456
Read port: 59456
1656371754246	RemoteAgent	WARN	TLS certificate errors will be ignored for this session
console.warn: LoginRecipes: "getRecipes: falling back to a synchronous message for:" "https://www.noip.com"
console.warn: LoginRecipes: "getRecipes: falling back to a synchronous message for:" "https://www.noip.com"
JavaScript error: resource://gre/modules/LoginManagerParent.jsm, line 136: TypeError: gRecipeManager is null
console.warn: LoginRecipes: "getRecipes: falling back to a synchronous message for:" "https://www.noip.com"
JavaScript error: resource://gre/modules/LoginManagerParent.jsm, line 136: TypeError: gRecipeManager is null
console.warn: LoginRecipes: "getRecipes: falling back to a synchronous message for:" "https://www.noip.com"
JavaScript error: resource://gre/modules/LoginManagerParent.jsm, line 136: TypeError: gRecipeManager is null
